{"D:\\git\\eclipse-jdt-search\\cli\\bin\\jdt.mjs": {"path":"D:\\git\\eclipse-jdt-search\\cli\\bin\\jdt.mjs","all":true,"statementMap":{"0":{"start":{"line":1,"column":0},"end":{"line":1,"column":19}},"1":{"start":{"line":2,"column":0},"end":{"line":2,"column":37}},"2":{"start":{"line":3,"column":0},"end":{"line":3,"column":27}}},"s":{"0":0,"1":0,"2":0},"branchMap":{"0":{"type":"branch","line":1,"loc":{"start":{"line":1,"column":21},"end":{"line":3,"column":-4}},"locations":[{"start":{"line":1,"column":21},"end":{"line":3,"column":-4}}]}},"b":{"0":[0]},"fnMap":{"0":{"name":"(empty-report)","decl":{"start":{"line":1,"column":21},"end":{"line":3,"column":-4}},"loc":{"start":{"line":1,"column":21},"end":{"line":3,"column":-4}},"line":1}},"f":{"0":0}}
,"D:\\git\\eclipse-jdt-search\\cli\\src\\args.mjs": {"path":"D:\\git\\eclipse-jdt-search\\cli\\src\\args.mjs","all":false,"statementMap":{"0":{"start":{"line":1,"column":0},"end":{"line":1,"column":34}},"1":{"start":{"line":2,"column":0},"end":{"line":2,"column":0}},"2":{"start":{"line":3,"column":0},"end":{"line":3,"column":3}},"3":{"start":{"line":4,"column":0},"end":{"line":4,"column":54}},"4":{"start":{"line":5,"column":0},"end":{"line":5,"column":54}},"5":{"start":{"line":6,"column":0},"end":{"line":6,"column":54}},"6":{"start":{"line":7,"column":0},"end":{"line":7,"column":3}},"7":{"start":{"line":8,"column":0},"end":{"line":8,"column":34}},"8":{"start":{"line":9,"column":0},"end":{"line":9,"column":19}},"9":{"start":{"line":10,"column":0},"end":{"line":10,"column":41}},"10":{"start":{"line":11,"column":0},"end":{"line":11,"column":35}},"11":{"start":{"line":12,"column":0},"end":{"line":12,"column":35}},"12":{"start":{"line":13,"column":0},"end":{"line":13,"column":65}},"13":{"start":{"line":14,"column":0},"end":{"line":14,"column":31}},"14":{"start":{"line":15,"column":0},"end":{"line":15,"column":14}},"15":{"start":{"line":16,"column":0},"end":{"line":16,"column":26}},"16":{"start":{"line":17,"column":0},"end":{"line":17,"column":7}},"17":{"start":{"line":18,"column":0},"end":{"line":18,"column":5}},"18":{"start":{"line":19,"column":0},"end":{"line":19,"column":3}},"19":{"start":{"line":20,"column":0},"end":{"line":20,"column":15}},"20":{"start":{"line":21,"column":0},"end":{"line":21,"column":1}},"21":{"start":{"line":22,"column":0},"end":{"line":22,"column":0}},"22":{"start":{"line":23,"column":0},"end":{"line":23,"column":3}},"23":{"start":{"line":24,"column":0},"end":{"line":24,"column":66}},"24":{"start":{"line":25,"column":0},"end":{"line":25,"column":38}},"25":{"start":{"line":26,"column":0},"end":{"line":26,"column":3}},"26":{"start":{"line":27,"column":0},"end":{"line":27,"column":41}},"27":{"start":{"line":28,"column":0},"end":{"line":28,"column":20}},"28":{"start":{"line":29,"column":0},"end":{"line":29,"column":41}},"29":{"start":{"line":30,"column":0},"end":{"line":30,"column":35}},"30":{"start":{"line":31,"column":0},"end":{"line":31,"column":68}},"31":{"start":{"line":32,"column":0},"end":{"line":32,"column":12}},"32":{"start":{"line":33,"column":0},"end":{"line":33,"column":27}},"33":{"start":{"line":34,"column":0},"end":{"line":34,"column":5}},"34":{"start":{"line":35,"column":0},"end":{"line":35,"column":3}},"35":{"start":{"line":36,"column":0},"end":{"line":36,"column":16}},"36":{"start":{"line":37,"column":0},"end":{"line":37,"column":1}}},"s":{"0":1,"1":1,"2":1,"3":1,"4":1,"5":1,"6":1,"7":1,"8":35,"9":35,"10":42,"11":13,"12":13,"13":6,"14":13,"15":7,"16":7,"17":13,"18":42,"19":35,"20":35,"21":1,"22":1,"23":1,"24":1,"25":1,"26":1,"27":58,"28":58,"29":64,"30":7,"31":64,"32":57,"33":57,"34":64,"35":58,"36":58},"branchMap":{"0":{"type":"branch","line":8,"loc":{"start":{"line":8,"column":7},"end":{"line":21,"column":1}},"locations":[{"start":{"line":8,"column":7},"end":{"line":21,"column":1}}]},"1":{"type":"branch","line":10,"loc":{"start":{"line":10,"column":40},"end":{"line":19,"column":3}},"locations":[{"start":{"line":10,"column":40},"end":{"line":19,"column":3}}]},"2":{"type":"branch","line":11,"loc":{"start":{"line":11,"column":34},"end":{"line":18,"column":5}},"locations":[{"start":{"line":11,"column":34},"end":{"line":18,"column":5}}]},"3":{"type":"branch","line":13,"loc":{"start":{"line":13,"column":30},"end":{"line":13,"column":62}},"locations":[{"start":{"line":13,"column":30},"end":{"line":13,"column":62}}]},"4":{"type":"branch","line":13,"loc":{"start":{"line":13,"column":64},"end":{"line":15,"column":7}},"locations":[{"start":{"line":13,"column":64},"end":{"line":15,"column":7}}]},"5":{"type":"branch","line":15,"loc":{"start":{"line":15,"column":7},"end":{"line":17,"column":7}},"locations":[{"start":{"line":15,"column":7},"end":{"line":17,"column":7}}]},"6":{"type":"branch","line":27,"loc":{"start":{"line":27,"column":7},"end":{"line":37,"column":1}},"locations":[{"start":{"line":27,"column":7},"end":{"line":37,"column":1}}]},"7":{"type":"branch","line":29,"loc":{"start":{"line":29,"column":40},"end":{"line":35,"column":3}},"locations":[{"start":{"line":29,"column":40},"end":{"line":35,"column":3}}]},"8":{"type":"branch","line":30,"loc":{"start":{"line":30,"column":34},"end":{"line":32,"column":5}},"locations":[{"start":{"line":30,"column":34},"end":{"line":32,"column":5}}]},"9":{"type":"branch","line":31,"loc":{"start":{"line":31,"column":30},"end":{"line":31,"column":62}},"locations":[{"start":{"line":31,"column":30},"end":{"line":31,"column":62}}]},"10":{"type":"branch","line":31,"loc":{"start":{"line":31,"column":64},"end":{"line":31,"column":68}},"locations":[{"start":{"line":31,"column":64},"end":{"line":31,"column":68}}]},"11":{"type":"branch","line":32,"loc":{"start":{"line":32,"column":5},"end":{"line":34,"column":5}},"locations":[{"start":{"line":32,"column":5},"end":{"line":34,"column":5}}]}},"b":{"0":[35],"1":[42],"2":[13],"3":[7],"4":[6],"5":[7],"6":[58],"7":[64],"8":[7],"9":[5],"10":[5],"11":[57]},"fnMap":{"0":{"name":"parseFlags","decl":{"start":{"line":8,"column":7},"end":{"line":21,"column":1}},"loc":{"start":{"line":8,"column":7},"end":{"line":21,"column":1}},"line":8},"1":{"name":"extractPositional","decl":{"start":{"line":27,"column":7},"end":{"line":37,"column":1}},"loc":{"start":{"line":27,"column":7},"end":{"line":37,"column":1}},"line":27}},"f":{"0":35,"1":58}}
,"D:\\git\\eclipse-jdt-search\\cli\\src\\cli.mjs": {"path":"D:\\git\\eclipse-jdt-search\\cli\\src\\cli.mjs","all":false,"statementMap":{"0":{"start":{"line":1,"column":0},"end":{"line":1,"column":23}},"1":{"start":{"line":2,"column":0},"end":{"line":2,"column":61}},"2":{"start":{"line":3,"column":0},"end":{"line":3,"column":0}},"3":{"start":{"line":4,"column":0},"end":{"line":4,"column":73}},"4":{"start":{"line":5,"column":0},"end":{"line":5,"column":83}},"5":{"start":{"line":6,"column":0},"end":{"line":6,"column":61}},"6":{"start":{"line":7,"column":0},"end":{"line":7,"column":79}},"7":{"start":{"line":8,"column":0},"end":{"line":8,"column":73}},"8":{"start":{"line":9,"column":0},"end":{"line":9,"column":76}},"9":{"start":{"line":10,"column":0},"end":{"line":10,"column":85}},"10":{"start":{"line":11,"column":0},"end":{"line":11,"column":74}},"11":{"start":{"line":12,"column":0},"end":{"line":12,"column":67}},"12":{"start":{"line":13,"column":0},"end":{"line":13,"column":61}},"13":{"start":{"line":14,"column":0},"end":{"line":14,"column":67}},"14":{"start":{"line":15,"column":0},"end":{"line":15,"column":8}},"23":{"start":{"line":24,"column":0},"end":{"line":24,"column":36}},"24":{"start":{"line":25,"column":0},"end":{"line":25,"column":8}},"29":{"start":{"line":30,"column":0},"end":{"line":30,"column":31}},"30":{"start":{"line":31,"column":0},"end":{"line":31,"column":49}},"31":{"start":{"line":32,"column":0},"end":{"line":32,"column":40}},"32":{"start":{"line":33,"column":0},"end":{"line":33,"column":0}},"33":{"start":{"line":34,"column":0},"end":{"line":34,"column":18}},"34":{"start":{"line":35,"column":0},"end":{"line":35,"column":49}},"35":{"start":{"line":36,"column":0},"end":{"line":36,"column":61}},"36":{"start":{"line":37,"column":0},"end":{"line":37,"column":37}},"37":{"start":{"line":38,"column":0},"end":{"line":38,"column":55}},"38":{"start":{"line":39,"column":0},"end":{"line":39,"column":49}},"39":{"start":{"line":40,"column":0},"end":{"line":40,"column":52}},"40":{"start":{"line":41,"column":0},"end":{"line":41,"column":61}},"41":{"start":{"line":42,"column":0},"end":{"line":42,"column":52}},"42":{"start":{"line":43,"column":0},"end":{"line":43,"column":43}},"43":{"start":{"line":44,"column":0},"end":{"line":44,"column":37}},"44":{"start":{"line":45,"column":0},"end":{"line":45,"column":43}},"45":{"start":{"line":46,"column":0},"end":{"line":46,"column":73}},"46":{"start":{"line":47,"column":0},"end":{"line":47,"column":43}},"47":{"start":{"line":48,"column":0},"end":{"line":48,"column":43}},"48":{"start":{"line":49,"column":0},"end":{"line":49,"column":37}},"49":{"start":{"line":50,"column":0},"end":{"line":50,"column":64}},"50":{"start":{"line":51,"column":0},"end":{"line":51,"column":37}},"51":{"start":{"line":52,"column":0},"end":{"line":52,"column":2}},"52":{"start":{"line":53,"column":0},"end":{"line":53,"column":0}},"53":{"start":{"line":54,"column":0},"end":{"line":54,"column":26}},"54":{"start":{"line":55,"column":0},"end":{"line":55,"column":88}},"55":{"start":{"line":56,"column":0},"end":{"line":56,"column":52}},"56":{"start":{"line":57,"column":0},"end":{"line":57,"column":0}},"57":{"start":{"line":58,"column":0},"end":{"line":58,"column":20}},"58":{"start":{"line":59,"column":0},"end":{"line":59,"column":69}},"59":{"start":{"line":60,"column":0},"end":{"line":60,"column":80}},"60":{"start":{"line":61,"column":0},"end":{"line":61,"column":68}},"61":{"start":{"line":62,"column":0},"end":{"line":62,"column":77}},"62":{"start":{"line":63,"column":0},"end":{"line":63,"column":71}},"63":{"start":{"line":64,"column":0},"end":{"line":64,"column":93}},"64":{"start":{"line":65,"column":0},"end":{"line":65,"column":81}},"65":{"start":{"line":66,"column":0},"end":{"line":66,"column":92}},"66":{"start":{"line":67,"column":0},"end":{"line":67,"column":83}},"67":{"start":{"line":68,"column":0},"end":{"line":68,"column":0}},"68":{"start":{"line":69,"column":0},"end":{"line":69,"column":8}},"69":{"start":{"line":70,"column":0},"end":{"line":70,"column":76}},"70":{"start":{"line":71,"column":0},"end":{"line":71,"column":74}},"71":{"start":{"line":72,"column":0},"end":{"line":72,"column":0}},"72":{"start":{"line":73,"column":0},"end":{"line":73,"column":12}},"73":{"start":{"line":74,"column":0},"end":{"line":74,"column":85}},"74":{"start":{"line":75,"column":0},"end":{"line":75,"column":0}},"75":{"start":{"line":76,"column":0},"end":{"line":76,"column":12}},"76":{"start":{"line":77,"column":0},"end":{"line":77,"column":62}},"77":{"start":{"line":78,"column":0},"end":{"line":78,"column":82}},"78":{"start":{"line":79,"column":0},"end":{"line":79,"column":70}},"79":{"start":{"line":80,"column":0},"end":{"line":80,"column":74}},"80":{"start":{"line":81,"column":0},"end":{"line":81,"column":0}},"81":{"start":{"line":82,"column":0},"end":{"line":82,"column":7}},"82":{"start":{"line":83,"column":0},"end":{"line":83,"column":74}},"83":{"start":{"line":84,"column":0},"end":{"line":84,"column":68}},"84":{"start":{"line":85,"column":0},"end":{"line":85,"column":0}},"85":{"start":{"line":86,"column":0},"end":{"line":86,"column":62}},"86":{"start":{"line":87,"column":0},"end":{"line":87,"column":1}},"87":{"start":{"line":88,"column":0},"end":{"line":88,"column":0}},"88":{"start":{"line":89,"column":0},"end":{"line":89,"column":33}},"89":{"start":{"line":90,"column":0},"end":{"line":90,"column":34}},"90":{"start":{"line":91,"column":0},"end":{"line":91,"column":0}},"91":{"start":{"line":92,"column":0},"end":{"line":92,"column":41}},"92":{"start":{"line":93,"column":0},"end":{"line":93,"column":20}},"93":{"start":{"line":94,"column":0},"end":{"line":94,"column":11}},"94":{"start":{"line":95,"column":0},"end":{"line":95,"column":3}},"95":{"start":{"line":96,"column":0},"end":{"line":96,"column":0}},"96":{"start":{"line":97,"column":0},"end":{"line":97,"column":27}},"97":{"start":{"line":98,"column":0},"end":{"line":98,"column":26}},"98":{"start":{"line":99,"column":0},"end":{"line":99,"column":35}},"99":{"start":{"line":100,"column":0},"end":{"line":100,"column":40}},"100":{"start":{"line":101,"column":0},"end":{"line":101,"column":23}},"101":{"start":{"line":102,"column":0},"end":{"line":102,"column":49}},"102":{"start":{"line":103,"column":0},"end":{"line":103,"column":20}},"103":{"start":{"line":104,"column":0},"end":{"line":104,"column":22}},"104":{"start":{"line":105,"column":0},"end":{"line":105,"column":12}},"105":{"start":{"line":106,"column":0},"end":{"line":106,"column":22}},"106":{"start":{"line":107,"column":0},"end":{"line":107,"column":5}},"107":{"start":{"line":108,"column":0},"end":{"line":108,"column":11}},"108":{"start":{"line":109,"column":0},"end":{"line":109,"column":3}},"109":{"start":{"line":110,"column":0},"end":{"line":110,"column":0}},"110":{"start":{"line":111,"column":0},"end":{"line":111,"column":32}},"111":{"start":{"line":112,"column":0},"end":{"line":112,"column":13}},"112":{"start":{"line":113,"column":0},"end":{"line":113,"column":49}},"113":{"start":{"line":114,"column":0},"end":{"line":114,"column":18}},"114":{"start":{"line":115,"column":0},"end":{"line":115,"column":20}},"115":{"start":{"line":116,"column":0},"end":{"line":116,"column":20}},"116":{"start":{"line":117,"column":0},"end":{"line":117,"column":3}},"117":{"start":{"line":118,"column":0},"end":{"line":118,"column":0}},"118":{"start":{"line":119,"column":0},"end":{"line":119,"column":7}},"119":{"start":{"line":120,"column":0},"end":{"line":120,"column":23}},"120":{"start":{"line":121,"column":0},"end":{"line":121,"column":15}},"121":{"start":{"line":122,"column":0},"end":{"line":122,"column":31}},"122":{"start":{"line":123,"column":0},"end":{"line":123,"column":20}},"123":{"start":{"line":124,"column":0},"end":{"line":124,"column":57}},"124":{"start":{"line":125,"column":0},"end":{"line":125,"column":73}},"125":{"start":{"line":126,"column":0},"end":{"line":126,"column":8}},"126":{"start":{"line":127,"column":0},"end":{"line":127,"column":12}},"127":{"start":{"line":128,"column":0},"end":{"line":128,"column":31}},"128":{"start":{"line":129,"column":0},"end":{"line":129,"column":5}},"129":{"start":{"line":130,"column":0},"end":{"line":130,"column":20}},"130":{"start":{"line":131,"column":0},"end":{"line":131,"column":3}},"131":{"start":{"line":132,"column":0},"end":{"line":132,"column":1}}},"s":{"0":1,"1":1,"2":1,"3":1,"4":1,"5":1,"6":1,"7":1,"8":1,"9":1,"10":1,"11":1,"12":1,"13":1,"14":1,"23":1,"24":1,"29":1,"30":1,"31":1,"32":1,"33":1,"34":1,"35":1,"36":1,"37":1,"38":1,"39":1,"40":1,"41":1,"42":1,"43":1,"44":1,"45":1,"46":1,"47":1,"48":1,"49":1,"50":1,"51":1,"52":1,"53":4,"54":4,"55":4,"56":4,"57":4,"58":4,"59":4,"60":4,"61":4,"62":4,"63":4,"64":4,"65":4,"66":4,"67":4,"68":4,"69":4,"70":4,"71":4,"72":4,"73":4,"74":4,"75":4,"76":4,"77":4,"78":4,"79":4,"80":4,"81":4,"82":4,"83":4,"84":4,"85":4,"86":4,"87":1,"88":1,"89":5,"90":5,"91":5,"92":2,"93":2,"94":2,"95":3,"96":5,"97":2,"98":2,"99":1,"100":1,"101":1,"102":1,"103":1,"104":1,"105":0,"106":0,"107":2,"108":2,"109":1,"110":1,"111":1,"112":1,"113":1,"114":1,"115":1,"116":1,"117":0,"118":0,"119":0,"120":0,"121":0,"122":0,"123":0,"124":0,"125":0,"126":0,"127":0,"128":0,"129":0,"130":0,"131":5},"branchMap":{"0":{"type":"branch","line":54,"loc":{"start":{"line":54,"column":0},"end":{"line":87,"column":1}},"locations":[{"start":{"line":54,"column":0},"end":{"line":87,"column":1}}]},"1":{"type":"branch","line":89,"loc":{"start":{"line":89,"column":7},"end":{"line":132,"column":1}},"locations":[{"start":{"line":89,"column":7},"end":{"line":132,"column":1}}]},"2":{"type":"branch","line":92,"loc":{"start":{"line":92,"column":15},"end":{"line":92,"column":38}},"locations":[{"start":{"line":92,"column":15},"end":{"line":92,"column":38}}]},"3":{"type":"branch","line":92,"loc":{"start":{"line":92,"column":40},"end":{"line":95,"column":3}},"locations":[{"start":{"line":92,"column":40},"end":{"line":95,"column":3}}]},"4":{"type":"branch","line":95,"loc":{"start":{"line":95,"column":2},"end":{"line":97,"column":26}},"locations":[{"start":{"line":95,"column":2},"end":{"line":97,"column":26}}]},"5":{"type":"branch","line":97,"loc":{"start":{"line":97,"column":26},"end":{"line":109,"column":3}},"locations":[{"start":{"line":97,"column":26},"end":{"line":109,"column":3}}]},"6":{"type":"branch","line":99,"loc":{"start":{"line":99,"column":34},"end":{"line":107,"column":5}},"locations":[{"start":{"line":99,"column":34},"end":{"line":107,"column":5}}]},"7":{"type":"branch","line":105,"loc":{"start":{"line":105,"column":5},"end":{"line":107,"column":5}},"locations":[{"start":{"line":105,"column":5},"end":{"line":107,"column":5}}]},"8":{"type":"branch","line":109,"loc":{"start":{"line":109,"column":2},"end":{"line":117,"column":3}},"locations":[{"start":{"line":109,"column":2},"end":{"line":117,"column":3}}]},"9":{"type":"branch","line":117,"loc":{"start":{"line":117,"column":2},"end":{"line":131,"column":3}},"locations":[{"start":{"line":117,"column":2},"end":{"line":131,"column":3}}]}},"b":{"0":[4],"1":[5],"2":[4],"3":[2],"4":[3],"5":[2],"6":[1],"7":[0],"8":[1],"9":[0]},"fnMap":{"0":{"name":"printOverview","decl":{"start":{"line":54,"column":0},"end":{"line":87,"column":1}},"loc":{"start":{"line":54,"column":0},"end":{"line":87,"column":1}},"line":54},"1":{"name":"run","decl":{"start":{"line":89,"column":7},"end":{"line":132,"column":1}},"loc":{"start":{"line":89,"column":7},"end":{"line":132,"column":1}},"line":89}},"f":{"0":4,"1":5}}
,"D:\\git\\eclipse-jdt-search\\cli\\src\\client.mjs": {"path":"D:\\git\\eclipse-jdt-search\\cli\\src\\client.mjs","all":false,"statementMap":{"0":{"start":{"line":1,"column":0},"end":{"line":1,"column":37}},"1":{"start":{"line":2,"column":0},"end":{"line":2,"column":0}},"2":{"start":{"line":3,"column":0},"end":{"line":3,"column":36}},"3":{"start":{"line":4,"column":0},"end":{"line":4,"column":47}},"4":{"start":{"line":5,"column":0},"end":{"line":5,"column":40}},"5":{"start":{"line":6,"column":0},"end":{"line":6,"column":0}},"6":{"start":{"line":7,"column":0},"end":{"line":7,"column":54}},"7":{"start":{"line":8,"column":0},"end":{"line":8,"column":14}},"8":{"start":{"line":9,"column":0},"end":{"line":9,"column":0}},"9":{"start":{"line":10,"column":0},"end":{"line":10,"column":3}},"10":{"start":{"line":11,"column":0},"end":{"line":11,"column":69}},"11":{"start":{"line":12,"column":0},"end":{"line":12,"column":34}},"12":{"start":{"line":13,"column":0},"end":{"line":13,"column":48}},"13":{"start":{"line":14,"column":0},"end":{"line":14,"column":3}},"14":{"start":{"line":15,"column":0},"end":{"line":15,"column":40}},"15":{"start":{"line":16,"column":0},"end":{"line":16,"column":34}},"16":{"start":{"line":17,"column":0},"end":{"line":17,"column":42}},"17":{"start":{"line":18,"column":0},"end":{"line":18,"column":19}},"18":{"start":{"line":19,"column":0},"end":{"line":19,"column":18}},"19":{"start":{"line":20,"column":0},"end":{"line":20,"column":52}},"20":{"start":{"line":21,"column":0},"end":{"line":21,"column":71}},"21":{"start":{"line":22,"column":0},"end":{"line":22,"column":81}},"22":{"start":{"line":23,"column":0},"end":{"line":23,"column":30}},"23":{"start":{"line":24,"column":0},"end":{"line":24,"column":69}},"24":{"start":{"line":25,"column":0},"end":{"line":25,"column":72}},"25":{"start":{"line":26,"column":0},"end":{"line":26,"column":63}},"26":{"start":{"line":27,"column":0},"end":{"line":27,"column":6}},"27":{"start":{"line":28,"column":0},"end":{"line":28,"column":20}},"28":{"start":{"line":29,"column":0},"end":{"line":29,"column":3}},"29":{"start":{"line":30,"column":0},"end":{"line":30,"column":19}},"30":{"start":{"line":31,"column":0},"end":{"line":31,"column":1}},"31":{"start":{"line":32,"column":0},"end":{"line":32,"column":0}},"32":{"start":{"line":33,"column":0},"end":{"line":33,"column":60}},"33":{"start":{"line":34,"column":0},"end":{"line":34,"column":31}},"34":{"start":{"line":35,"column":0},"end":{"line":35,"column":19}},"35":{"start":{"line":36,"column":0},"end":{"line":36,"column":1}},"36":{"start":{"line":37,"column":0},"end":{"line":37,"column":0}},"37":{"start":{"line":38,"column":0},"end":{"line":38,"column":43}},"38":{"start":{"line":39,"column":0},"end":{"line":39,"column":31}},"39":{"start":{"line":40,"column":0},"end":{"line":40,"column":19}},"40":{"start":{"line":41,"column":0},"end":{"line":41,"column":1}},"41":{"start":{"line":42,"column":0},"end":{"line":42,"column":0}},"42":{"start":{"line":43,"column":0},"end":{"line":43,"column":24}},"43":{"start":{"line":44,"column":0},"end":{"line":44,"column":25}},"44":{"start":{"line":45,"column":0},"end":{"line":45,"column":27}},"45":{"start":{"line":46,"column":0},"end":{"line":46,"column":47}},"46":{"start":{"line":47,"column":0},"end":{"line":47,"column":9}},"47":{"start":{"line":48,"column":0},"end":{"line":48,"column":1}},"48":{"start":{"line":49,"column":0},"end":{"line":49,"column":0}},"49":{"start":{"line":50,"column":0},"end":{"line":50,"column":3}},"50":{"start":{"line":51,"column":0},"end":{"line":51,"column":41}},"51":{"start":{"line":52,"column":0},"end":{"line":52,"column":52}},"52":{"start":{"line":53,"column":0},"end":{"line":53,"column":36}},"53":{"start":{"line":54,"column":0},"end":{"line":54,"column":26}},"54":{"start":{"line":55,"column":0},"end":{"line":55,"column":3}},"55":{"start":{"line":56,"column":0},"end":{"line":56,"column":47}},"56":{"start":{"line":57,"column":0},"end":{"line":57,"column":25}},"57":{"start":{"line":58,"column":0},"end":{"line":58,"column":43}},"58":{"start":{"line":59,"column":0},"end":{"line":59,"column":24}},"59":{"start":{"line":60,"column":0},"end":{"line":60,"column":7}},"60":{"start":{"line":61,"column":0},"end":{"line":61,"column":30}},"61":{"start":{"line":62,"column":0},"end":{"line":62,"column":24}},"62":{"start":{"line":63,"column":0},"end":{"line":63,"column":13}},"63":{"start":{"line":64,"column":0},"end":{"line":64,"column":22}},"64":{"start":{"line":65,"column":0},"end":{"line":65,"column":27}},"65":{"start":{"line":66,"column":0},"end":{"line":66,"column":31}},"66":{"start":{"line":67,"column":0},"end":{"line":67,"column":8}},"67":{"start":{"line":68,"column":0},"end":{"line":68,"column":16}},"68":{"start":{"line":69,"column":0},"end":{"line":69,"column":22}},"69":{"start":{"line":70,"column":0},"end":{"line":70,"column":51}},"70":{"start":{"line":71,"column":0},"end":{"line":71,"column":29}},"71":{"start":{"line":72,"column":0},"end":{"line":72,"column":39}},"72":{"start":{"line":73,"column":0},"end":{"line":73,"column":65}},"73":{"start":{"line":74,"column":0},"end":{"line":74,"column":19}},"74":{"start":{"line":75,"column":0},"end":{"line":75,"column":11}},"75":{"start":{"line":76,"column":0},"end":{"line":76,"column":15}},"76":{"start":{"line":77,"column":0},"end":{"line":77,"column":38}},"77":{"start":{"line":78,"column":0},"end":{"line":78,"column":19}},"78":{"start":{"line":79,"column":0},"end":{"line":79,"column":55}},"79":{"start":{"line":80,"column":0},"end":{"line":80,"column":11}},"80":{"start":{"line":81,"column":0},"end":{"line":81,"column":11}},"81":{"start":{"line":82,"column":0},"end":{"line":82,"column":8}},"82":{"start":{"line":83,"column":0},"end":{"line":83,"column":6}},"83":{"start":{"line":84,"column":0},"end":{"line":84,"column":29}},"84":{"start":{"line":85,"column":0},"end":{"line":85,"column":20}},"85":{"start":{"line":86,"column":0},"end":{"line":86,"column":45}},"86":{"start":{"line":87,"column":0},"end":{"line":87,"column":7}},"87":{"start":{"line":88,"column":0},"end":{"line":88,"column":28}},"88":{"start":{"line":89,"column":0},"end":{"line":89,"column":14}},"89":{"start":{"line":90,"column":0},"end":{"line":90,"column":5}},"90":{"start":{"line":91,"column":0},"end":{"line":91,"column":1}},"91":{"start":{"line":92,"column":0},"end":{"line":92,"column":0}},"92":{"start":{"line":93,"column":0},"end":{"line":93,"column":3}},"93":{"start":{"line":94,"column":0},"end":{"line":94,"column":55}},"94":{"start":{"line":95,"column":0},"end":{"line":95,"column":45}},"95":{"start":{"line":96,"column":0},"end":{"line":96,"column":23}},"96":{"start":{"line":97,"column":0},"end":{"line":97,"column":36}},"97":{"start":{"line":98,"column":0},"end":{"line":98,"column":54}},"98":{"start":{"line":99,"column":0},"end":{"line":99,"column":3}},"99":{"start":{"line":100,"column":0},"end":{"line":100,"column":50}},"100":{"start":{"line":101,"column":0},"end":{"line":101,"column":25}},"101":{"start":{"line":102,"column":0},"end":{"line":102,"column":43}},"102":{"start":{"line":103,"column":0},"end":{"line":103,"column":24}},"103":{"start":{"line":104,"column":0},"end":{"line":104,"column":7}},"104":{"start":{"line":105,"column":0},"end":{"line":105,"column":30}},"105":{"start":{"line":106,"column":0},"end":{"line":106,"column":24}},"106":{"start":{"line":107,"column":0},"end":{"line":107,"column":13}},"107":{"start":{"line":108,"column":0},"end":{"line":108,"column":22}},"108":{"start":{"line":109,"column":0},"end":{"line":109,"column":27}},"109":{"start":{"line":110,"column":0},"end":{"line":110,"column":31}},"110":{"start":{"line":111,"column":0},"end":{"line":111,"column":8}},"111":{"start":{"line":112,"column":0},"end":{"line":112,"column":16}},"112":{"start":{"line":113,"column":0},"end":{"line":113,"column":22}},"113":{"start":{"line":114,"column":0},"end":{"line":114,"column":51}},"114":{"start":{"line":115,"column":0},"end":{"line":115,"column":29}},"115":{"start":{"line":116,"column":0},"end":{"line":116,"column":39}},"116":{"start":{"line":117,"column":0},"end":{"line":117,"column":65}},"117":{"start":{"line":118,"column":0},"end":{"line":118,"column":19}},"118":{"start":{"line":119,"column":0},"end":{"line":119,"column":11}},"119":{"start":{"line":120,"column":0},"end":{"line":120,"column":64}},"120":{"start":{"line":121,"column":0},"end":{"line":121,"column":59}},"121":{"start":{"line":122,"column":0},"end":{"line":122,"column":17}},"122":{"start":{"line":123,"column":0},"end":{"line":123,"column":44}},"123":{"start":{"line":124,"column":0},"end":{"line":124,"column":31}},"124":{"start":{"line":125,"column":0},"end":{"line":125,"column":46}},"125":{"start":{"line":126,"column":0},"end":{"line":126,"column":22}},"126":{"start":{"line":127,"column":0},"end":{"line":127,"column":62}},"127":{"start":{"line":128,"column":0},"end":{"line":128,"column":15}},"128":{"start":{"line":129,"column":0},"end":{"line":129,"column":21}},"129":{"start":{"line":130,"column":0},"end":{"line":130,"column":57}},"130":{"start":{"line":131,"column":0},"end":{"line":131,"column":13}},"131":{"start":{"line":132,"column":0},"end":{"line":132,"column":18}},"132":{"start":{"line":133,"column":0},"end":{"line":133,"column":58}},"133":{"start":{"line":134,"column":0},"end":{"line":134,"column":11}},"134":{"start":{"line":135,"column":0},"end":{"line":135,"column":11}},"135":{"start":{"line":136,"column":0},"end":{"line":136,"column":8}},"136":{"start":{"line":137,"column":0},"end":{"line":137,"column":6}},"137":{"start":{"line":138,"column":0},"end":{"line":138,"column":29}},"138":{"start":{"line":139,"column":0},"end":{"line":139,"column":20}},"139":{"start":{"line":140,"column":0},"end":{"line":140,"column":45}},"140":{"start":{"line":141,"column":0},"end":{"line":141,"column":7}},"141":{"start":{"line":142,"column":0},"end":{"line":142,"column":28}},"142":{"start":{"line":143,"column":0},"end":{"line":143,"column":14}},"143":{"start":{"line":144,"column":0},"end":{"line":144,"column":5}},"144":{"start":{"line":145,"column":0},"end":{"line":145,"column":1}},"145":{"start":{"line":146,"column":0},"end":{"line":146,"column":0}},"146":{"start":{"line":147,"column":0},"end":{"line":147,"column":3}},"147":{"start":{"line":148,"column":0},"end":{"line":148,"column":48}},"148":{"start":{"line":149,"column":0},"end":{"line":149,"column":19}},"149":{"start":{"line":150,"column":0},"end":{"line":150,"column":21}},"150":{"start":{"line":151,"column":0},"end":{"line":151,"column":3}},"151":{"start":{"line":152,"column":0},"end":{"line":152,"column":38}},"152":{"start":{"line":153,"column":0},"end":{"line":153,"column":62}},"153":{"start":{"line":154,"column":0},"end":{"line":154,"column":1}}},"s":{"0":1,"1":1,"2":1,"3":1,"4":1,"5":1,"6":1,"7":1,"8":1,"9":1,"10":1,"11":1,"12":1,"13":1,"14":1,"15":65,"16":65,"17":65,"18":1,"19":1,"20":1,"21":1,"22":1,"23":1,"24":1,"25":1,"26":1,"27":1,"28":1,"29":64,"30":64,"31":1,"32":1,"33":1,"34":0,"35":0,"36":1,"37":1,"38":1,"39":1,"40":1,"41":1,"42":64,"43":64,"44":64,"45":64,"46":64,"47":64,"48":1,"49":1,"50":1,"51":1,"52":1,"53":1,"54":1,"55":1,"56":56,"57":56,"58":56,"59":56,"60":56,"61":56,"62":56,"63":56,"64":56,"65":56,"66":56,"67":56,"68":54,"69":54,"70":54,"71":54,"72":1,"73":1,"74":1,"75":53,"76":53,"77":54,"78":1,"79":1,"80":54,"81":56,"82":56,"83":56,"84":1,"85":1,"86":56,"87":56,"88":56,"89":56,"90":56,"91":1,"92":1,"93":1,"94":1,"95":1,"96":1,"97":1,"98":1,"99":1,"100":8,"101":8,"102":8,"103":8,"104":8,"105":8,"106":8,"107":8,"108":8,"109":8,"110":8,"111":8,"112":7,"113":7,"114":7,"115":7,"116":1,"117":1,"118":1,"119":7,"120":7,"121":3,"122":3,"123":3,"124":1,"125":1,"126":1,"127":1,"128":3,"129":1,"130":1,"131":3,"132":3,"133":3,"134":7,"135":8,"136":8,"137":8,"138":1,"139":1,"140":8,"141":8,"142":8,"143":8,"144":8,"145":1,"146":1,"147":1,"148":1,"149":1,"150":1,"151":1,"152":4,"153":4},"branchMap":{"0":{"type":"branch","line":15,"loc":{"start":{"line":15,"column":7},"end":{"line":31,"column":1}},"locations":[{"start":{"line":15,"column":7},"end":{"line":31,"column":1}}]},"1":{"type":"branch","line":16,"loc":{"start":{"line":16,"column":17},"end":{"line":16,"column":34}},"locations":[{"start":{"line":16,"column":17},"end":{"line":16,"column":34}}]},"2":{"type":"branch","line":18,"loc":{"start":{"line":18,"column":18},"end":{"line":29,"column":3}},"locations":[{"start":{"line":18,"column":18},"end":{"line":29,"column":3}}]},"3":{"type":"branch","line":29,"loc":{"start":{"line":29,"column":2},"end":{"line":31,"column":1}},"locations":[{"start":{"line":29,"column":2},"end":{"line":31,"column":1}}]},"4":{"type":"branch","line":39,"loc":{"start":{"line":39,"column":7},"end":{"line":41,"column":1}},"locations":[{"start":{"line":39,"column":7},"end":{"line":41,"column":1}}]},"5":{"type":"branch","line":43,"loc":{"start":{"line":43,"column":0},"end":{"line":48,"column":1}},"locations":[{"start":{"line":43,"column":0},"end":{"line":48,"column":1}}]},"6":{"type":"branch","line":46,"loc":{"start":{"line":46,"column":4},"end":{"line":46,"column":47}},"locations":[{"start":{"line":46,"column":4},"end":{"line":46,"column":47}}]},"7":{"type":"branch","line":47,"loc":{"start":{"line":47,"column":4},"end":{"line":47,"column":8}},"locations":[{"start":{"line":47,"column":4},"end":{"line":47,"column":8}}]},"8":{"type":"branch","line":56,"loc":{"start":{"line":56,"column":7},"end":{"line":91,"column":1}},"locations":[{"start":{"line":56,"column":7},"end":{"line":91,"column":1}}]},"9":{"type":"branch","line":58,"loc":{"start":{"line":58,"column":21},"end":{"line":90,"column":3}},"locations":[{"start":{"line":58,"column":21},"end":{"line":90,"column":3}}]},"10":{"type":"branch","line":68,"loc":{"start":{"line":68,"column":6},"end":{"line":82,"column":7}},"locations":[{"start":{"line":68,"column":6},"end":{"line":82,"column":7}}]},"11":{"type":"branch","line":70,"loc":{"start":{"line":70,"column":23},"end":{"line":70,"column":49}},"locations":[{"start":{"line":70,"column":23},"end":{"line":70,"column":49}}]},"12":{"type":"branch","line":71,"loc":{"start":{"line":71,"column":22},"end":{"line":81,"column":9}},"locations":[{"start":{"line":71,"column":22},"end":{"line":81,"column":9}}]},"13":{"type":"branch","line":72,"loc":{"start":{"line":72,"column":38},"end":{"line":75,"column":11}},"locations":[{"start":{"line":72,"column":38},"end":{"line":75,"column":11}}]},"14":{"type":"branch","line":75,"loc":{"start":{"line":75,"column":10},"end":{"line":78,"column":12}},"locations":[{"start":{"line":75,"column":10},"end":{"line":78,"column":12}}]},"15":{"type":"branch","line":78,"loc":{"start":{"line":78,"column":12},"end":{"line":80,"column":11}},"locations":[{"start":{"line":78,"column":12},"end":{"line":80,"column":11}}]},"16":{"type":"branch","line":84,"loc":{"start":{"line":84,"column":22},"end":{"line":87,"column":5}},"locations":[{"start":{"line":84,"column":22},"end":{"line":87,"column":5}}]},"17":{"type":"branch","line":100,"loc":{"start":{"line":100,"column":7},"end":{"line":145,"column":1}},"locations":[{"start":{"line":100,"column":7},"end":{"line":145,"column":1}}]},"18":{"type":"branch","line":102,"loc":{"start":{"line":102,"column":21},"end":{"line":144,"column":3}},"locations":[{"start":{"line":102,"column":21},"end":{"line":144,"column":3}}]},"19":{"type":"branch","line":112,"loc":{"start":{"line":112,"column":6},"end":{"line":136,"column":7}},"locations":[{"start":{"line":112,"column":6},"end":{"line":136,"column":7}}]},"20":{"type":"branch","line":114,"loc":{"start":{"line":114,"column":23},"end":{"line":114,"column":49}},"locations":[{"start":{"line":114,"column":23},"end":{"line":114,"column":49}}]},"21":{"type":"branch","line":115,"loc":{"start":{"line":115,"column":22},"end":{"line":135,"column":9}},"locations":[{"start":{"line":115,"column":22},"end":{"line":135,"column":9}}]},"22":{"type":"branch","line":116,"loc":{"start":{"line":116,"column":38},"end":{"line":119,"column":11}},"locations":[{"start":{"line":116,"column":38},"end":{"line":119,"column":11}}]},"23":{"type":"branch","line":119,"loc":{"start":{"line":119,"column":10},"end":{"line":120,"column":58}},"locations":[{"start":{"line":119,"column":10},"end":{"line":120,"column":58}}]},"24":{"type":"branch","line":120,"loc":{"start":{"line":120,"column":58},"end":{"line":120,"column":63}},"locations":[{"start":{"line":120,"column":58},"end":{"line":120,"column":63}}]},"25":{"type":"branch","line":121,"loc":{"start":{"line":121,"column":58},"end":{"line":134,"column":11}},"locations":[{"start":{"line":121,"column":58},"end":{"line":134,"column":11}}]},"26":{"type":"branch","line":124,"loc":{"start":{"line":124,"column":30},"end":{"line":128,"column":15}},"locations":[{"start":{"line":124,"column":30},"end":{"line":128,"column":15}}]},"27":{"type":"branch","line":129,"loc":{"start":{"line":129,"column":14},"end":{"line":131,"column":13}},"locations":[{"start":{"line":129,"column":14},"end":{"line":131,"column":13}}]},"28":{"type":"branch","line":138,"loc":{"start":{"line":138,"column":22},"end":{"line":141,"column":5}},"locations":[{"start":{"line":138,"column":22},"end":{"line":141,"column":5}}]},"29":{"type":"branch","line":152,"loc":{"start":{"line":152,"column":7},"end":{"line":154,"column":1}},"locations":[{"start":{"line":152,"column":7},"end":{"line":154,"column":1}}]},"30":{"type":"branch","line":153,"loc":{"start":{"line":153,"column":35},"end":{"line":153,"column":61}},"locations":[{"start":{"line":153,"column":35},"end":{"line":153,"column":61}}]}},"b":{"0":[65],"1":[0],"2":[1],"3":[64],"4":[1],"5":[64],"6":[1],"7":[63],"8":[56],"9":[56],"10":[54],"11":[54],"12":[54],"13":[1],"14":[53],"15":[1],"16":[1],"17":[8],"18":[8],"19":[7],"20":[7],"21":[7],"22":[1],"23":[6],"24":[0],"25":[3],"26":[1],"27":[1],"28":[1],"29":[4],"30":[2]},"fnMap":{"0":{"name":"connect","decl":{"start":{"line":15,"column":7},"end":{"line":31,"column":1}},"loc":{"start":{"line":15,"column":7},"end":{"line":31,"column":1}},"line":15},"1":{"name":"getInstance","decl":{"start":{"line":34,"column":7},"end":{"line":36,"column":1}},"loc":{"start":{"line":34,"column":7},"end":{"line":36,"column":1}},"line":34},"2":{"name":"resetClient","decl":{"start":{"line":39,"column":7},"end":{"line":41,"column":1}},"loc":{"start":{"line":39,"column":7},"end":{"line":41,"column":1}},"line":39},"3":{"name":"authHeaders","decl":{"start":{"line":43,"column":0},"end":{"line":48,"column":1}},"loc":{"start":{"line":43,"column":0},"end":{"line":48,"column":1}},"line":43},"4":{"name":"get","decl":{"start":{"line":56,"column":7},"end":{"line":91,"column":1}},"loc":{"start":{"line":56,"column":7},"end":{"line":91,"column":1}},"line":56},"5":{"name":"getRaw","decl":{"start":{"line":100,"column":7},"end":{"line":145,"column":1}},"loc":{"start":{"line":100,"column":7},"end":{"line":145,"column":1}},"line":100},"6":{"name":"isConnectionError","decl":{"start":{"line":152,"column":7},"end":{"line":154,"column":1}},"loc":{"start":{"line":152,"column":7},"end":{"line":154,"column":1}},"line":152}},"f":{"0":65,"1":0,"2":1,"3":64,"4":56,"5":8,"6":4}}
,"D:\\git\\eclipse-jdt-search\\cli\\src\\color.mjs": {"path":"D:\\git\\eclipse-jdt-search\\cli\\src\\color.mjs","all":false,"statementMap":{"0":{"start":{"line":1,"column":0},"end":{"line":1,"column":42}},"1":{"start":{"line":2,"column":0},"end":{"line":2,"column":60}},"2":{"start":{"line":3,"column":0},"end":{"line":3,"column":39}},"3":{"start":{"line":4,"column":0},"end":{"line":4,"column":0}},"4":{"start":{"line":5,"column":0},"end":{"line":5,"column":28}},"5":{"start":{"line":6,"column":0},"end":{"line":6,"column":0}},"6":{"start":{"line":7,"column":0},"end":{"line":7,"column":13}},"7":{"start":{"line":8,"column":0},"end":{"line":8,"column":0}},"8":{"start":{"line":9,"column":0},"end":{"line":9,"column":40}},"9":{"start":{"line":10,"column":0},"end":{"line":10,"column":34}},"10":{"start":{"line":11,"column":0},"end":{"line":11,"column":46}},"11":{"start":{"line":12,"column":0},"end":{"line":12,"column":0}},"12":{"start":{"line":13,"column":0},"end":{"line":13,"column":68}},"13":{"start":{"line":14,"column":0},"end":{"line":14,"column":21}},"14":{"start":{"line":15,"column":0},"end":{"line":15,"column":13}},"15":{"start":{"line":16,"column":0},"end":{"line":16,"column":30}},"16":{"start":{"line":17,"column":0},"end":{"line":17,"column":34}},"17":{"start":{"line":18,"column":0},"end":{"line":18,"column":36}},"18":{"start":{"line":19,"column":0},"end":{"line":19,"column":5}},"19":{"start":{"line":20,"column":0},"end":{"line":20,"column":20}},"20":{"start":{"line":21,"column":0},"end":{"line":21,"column":10}},"21":{"start":{"line":22,"column":0},"end":{"line":22,"column":45}},"22":{"start":{"line":23,"column":0},"end":{"line":23,"column":3}},"23":{"start":{"line":24,"column":0},"end":{"line":24,"column":18}},"24":{"start":{"line":25,"column":0},"end":{"line":25,"column":1}},"25":{"start":{"line":26,"column":0},"end":{"line":26,"column":0}},"26":{"start":{"line":27,"column":0},"end":{"line":27,"column":45}},"27":{"start":{"line":28,"column":0},"end":{"line":28,"column":42}},"28":{"start":{"line":29,"column":0},"end":{"line":29,"column":21}},"29":{"start":{"line":30,"column":0},"end":{"line":30,"column":1}},"30":{"start":{"line":31,"column":0},"end":{"line":31,"column":0}},"31":{"start":{"line":32,"column":0},"end":{"line":32,"column":19}},"32":{"start":{"line":33,"column":0},"end":{"line":33,"column":47}},"33":{"start":{"line":34,"column":0},"end":{"line":34,"column":1}},"34":{"start":{"line":35,"column":0},"end":{"line":35,"column":0}},"35":{"start":{"line":36,"column":0},"end":{"line":36,"column":32}},"36":{"start":{"line":37,"column":0},"end":{"line":37,"column":36}},"37":{"start":{"line":38,"column":0},"end":{"line":38,"column":38}},"38":{"start":{"line":39,"column":0},"end":{"line":39,"column":34}},"39":{"start":{"line":40,"column":0},"end":{"line":40,"column":34}},"40":{"start":{"line":41,"column":0},"end":{"line":41,"column":34}},"41":{"start":{"line":42,"column":0},"end":{"line":42,"column":34}},"42":{"start":{"line":43,"column":0},"end":{"line":43,"column":32}}},"s":{"0":1,"1":1,"2":1,"3":1,"4":1,"5":1,"6":1,"7":1,"8":1,"9":1,"10":63,"11":21,"12":63,"13":2,"14":46,"15":19,"16":19,"17":17,"18":19,"19":3,"20":16,"21":16,"22":16,"23":21,"24":21,"25":1,"26":1,"27":1,"28":98,"29":98,"30":1,"31":672,"32":672,"33":672,"34":1,"35":1,"36":1,"37":1,"38":1,"39":1,"40":1,"41":1,"42":1},"branchMap":{"0":{"type":"branch","line":10,"loc":{"start":{"line":10,"column":7},"end":{"line":25,"column":1}},"locations":[{"start":{"line":10,"column":7},"end":{"line":25,"column":1}}]},"1":{"type":"branch","line":11,"loc":{"start":{"line":11,"column":30},"end":{"line":13,"column":65}},"locations":[{"start":{"line":11,"column":30},"end":{"line":13,"column":65}}]},"2":{"type":"branch","line":11,"loc":{"start":{"line":11,"column":30},"end":{"line":11,"column":46}},"locations":[{"start":{"line":11,"column":30},"end":{"line":11,"column":46}}]},"3":{"type":"branch","line":12,"loc":{"start":{"line":12,"column":-2},"end":{"line":13,"column":65}},"locations":[{"start":{"line":12,"column":-2},"end":{"line":13,"column":65}}]},"4":{"type":"branch","line":12,"loc":{"start":{"line":12,"column":-2},"end":{"line":13,"column":27}},"locations":[{"start":{"line":12,"column":-2},"end":{"line":13,"column":27}}]},"5":{"type":"branch","line":13,"loc":{"start":{"line":13,"column":27},"end":{"line":13,"column":65}},"locations":[{"start":{"line":13,"column":27},"end":{"line":13,"column":65}}]},"6":{"type":"branch","line":13,"loc":{"start":{"line":13,"column":67},"end":{"line":25,"column":1}},"locations":[{"start":{"line":13,"column":67},"end":{"line":25,"column":1}}]},"7":{"type":"branch","line":13,"loc":{"start":{"line":13,"column":67},"end":{"line":15,"column":3}},"locations":[{"start":{"line":13,"column":67},"end":{"line":15,"column":3}}]},"8":{"type":"branch","line":15,"loc":{"start":{"line":15,"column":3},"end":{"line":23,"column":3}},"locations":[{"start":{"line":15,"column":3},"end":{"line":23,"column":3}}]},"9":{"type":"branch","line":16,"loc":{"start":{"line":16,"column":28},"end":{"line":17,"column":31}},"locations":[{"start":{"line":16,"column":28},"end":{"line":17,"column":31}}]},"10":{"type":"branch","line":17,"loc":{"start":{"line":17,"column":32},"end":{"line":18,"column":36}},"locations":[{"start":{"line":17,"column":32},"end":{"line":18,"column":36}}]},"11":{"type":"branch","line":19,"loc":{"start":{"line":19,"column":4},"end":{"line":23,"column":3}},"locations":[{"start":{"line":19,"column":4},"end":{"line":23,"column":3}}]},"12":{"type":"branch","line":19,"loc":{"start":{"line":19,"column":4},"end":{"line":21,"column":3}},"locations":[{"start":{"line":19,"column":4},"end":{"line":21,"column":3}}]},"13":{"type":"branch","line":23,"loc":{"start":{"line":23,"column":2},"end":{"line":25,"column":1}},"locations":[{"start":{"line":23,"column":2},"end":{"line":25,"column":1}}]},"14":{"type":"branch","line":28,"loc":{"start":{"line":28,"column":7},"end":{"line":30,"column":1}},"locations":[{"start":{"line":28,"column":7},"end":{"line":30,"column":1}}]},"15":{"type":"branch","line":32,"loc":{"start":{"line":32,"column":0},"end":{"line":34,"column":1}},"locations":[{"start":{"line":32,"column":0},"end":{"line":34,"column":1}}]},"16":{"type":"branch","line":33,"loc":{"start":{"line":33,"column":9},"end":{"line":33,"column":46}},"locations":[{"start":{"line":33,"column":9},"end":{"line":33,"column":46}}]},"17":{"type":"branch","line":33,"loc":{"start":{"line":33,"column":34},"end":{"line":33,"column":41}},"locations":[{"start":{"line":33,"column":34},"end":{"line":33,"column":41}}]},"18":{"type":"branch","line":33,"loc":{"start":{"line":33,"column":42},"end":{"line":33,"column":45}},"locations":[{"start":{"line":33,"column":42},"end":{"line":33,"column":45}}]}},"b":{"0":[63],"1":[62],"2":[42],"3":[37],"4":[21],"5":[20],"6":[46],"7":[2],"8":[19],"9":[18],"10":[17],"11":[16],"12":[3],"13":[21],"14":[98],"15":[672],"16":[56],"17":[8],"18":[48]},"fnMap":{"0":{"name":"isColorEnabled","decl":{"start":{"line":10,"column":7},"end":{"line":25,"column":1}},"loc":{"start":{"line":10,"column":7},"end":{"line":25,"column":1}},"line":10},"1":{"name":"setColorEnabled","decl":{"start":{"line":28,"column":7},"end":{"line":30,"column":1}},"loc":{"start":{"line":28,"column":7},"end":{"line":30,"column":1}},"line":28},"2":{"name":"wrap","decl":{"start":{"line":32,"column":0},"end":{"line":34,"column":1}},"loc":{"start":{"line":32,"column":0},"end":{"line":34,"column":1}},"line":32}},"f":{"0":63,"1":98,"2":672}}
,"D:\\git\\eclipse-jdt-search\\cli\\src\\discovery.mjs": {"path":"D:\\git\\eclipse-jdt-search\\cli\\src\\discovery.mjs","all":false,"statementMap":{"0":{"start":{"line":1,"column":0},"end":{"line":1,"column":89}},"1":{"start":{"line":2,"column":0},"end":{"line":2,"column":0}},"2":{"start":{"line":3,"column":0},"end":{"line":3,"column":52}},"3":{"start":{"line":4,"column":0},"end":{"line":4,"column":33}},"4":{"start":{"line":5,"column":0},"end":{"line":5,"column":42}},"5":{"start":{"line":6,"column":0},"end":{"line":6,"column":0}},"6":{"start":{"line":7,"column":0},"end":{"line":7,"column":3}},"7":{"start":{"line":8,"column":0},"end":{"line":8,"column":29}},"8":{"start":{"line":9,"column":0},"end":{"line":9,"column":26}},"9":{"start":{"line":10,"column":0},"end":{"line":10,"column":27}},"10":{"start":{"line":11,"column":0},"end":{"line":11,"column":25}},"11":{"start":{"line":12,"column":0},"end":{"line":12,"column":31}},"12":{"start":{"line":13,"column":0},"end":{"line":13,"column":54}},"13":{"start":{"line":14,"column":0},"end":{"line":14,"column":3}},"14":{"start":{"line":15,"column":0},"end":{"line":15,"column":0}},"15":{"start":{"line":16,"column":0},"end":{"line":16,"column":3}},"16":{"start":{"line":17,"column":0},"end":{"line":17,"column":58}},"17":{"start":{"line":18,"column":0},"end":{"line":18,"column":47}},"18":{"start":{"line":19,"column":0},"end":{"line":19,"column":24}},"19":{"start":{"line":20,"column":0},"end":{"line":20,"column":3}},"20":{"start":{"line":21,"column":0},"end":{"line":21,"column":37}},"21":{"start":{"line":22,"column":0},"end":{"line":22,"column":29}},"22":{"start":{"line":23,"column":0},"end":{"line":23,"column":12}},"23":{"start":{"line":24,"column":0},"end":{"line":24,"column":7}},"24":{"start":{"line":25,"column":0},"end":{"line":25,"column":64}},"25":{"start":{"line":26,"column":0},"end":{"line":26,"column":11}},"26":{"start":{"line":27,"column":0},"end":{"line":27,"column":14}},"27":{"start":{"line":28,"column":0},"end":{"line":28,"column":3}},"28":{"start":{"line":29,"column":0},"end":{"line":29,"column":0}},"29":{"start":{"line":30,"column":0},"end":{"line":30,"column":23}},"30":{"start":{"line":31,"column":0},"end":{"line":31,"column":29}},"31":{"start":{"line":32,"column":0},"end":{"line":32,"column":37}},"32":{"start":{"line":33,"column":0},"end":{"line":33,"column":9}},"33":{"start":{"line":34,"column":0},"end":{"line":34,"column":62}},"34":{"start":{"line":35,"column":0},"end":{"line":35,"column":44}},"35":{"start":{"line":36,"column":0},"end":{"line":36,"column":42}},"36":{"start":{"line":37,"column":0},"end":{"line":37,"column":50}},"37":{"start":{"line":38,"column":0},"end":{"line":38,"column":13}},"38":{"start":{"line":39,"column":0},"end":{"line":39,"column":28}},"39":{"start":{"line":40,"column":0},"end":{"line":40,"column":5}},"40":{"start":{"line":41,"column":0},"end":{"line":41,"column":3}},"41":{"start":{"line":42,"column":0},"end":{"line":42,"column":19}},"42":{"start":{"line":43,"column":0},"end":{"line":43,"column":1}},"43":{"start":{"line":44,"column":0},"end":{"line":44,"column":0}},"44":{"start":{"line":45,"column":0},"end":{"line":45,"column":3}},"45":{"start":{"line":46,"column":0},"end":{"line":46,"column":71}},"46":{"start":{"line":47,"column":0},"end":{"line":47,"column":72}},"47":{"start":{"line":48,"column":0},"end":{"line":48,"column":29}},"48":{"start":{"line":49,"column":0},"end":{"line":49,"column":78}},"49":{"start":{"line":50,"column":0},"end":{"line":50,"column":27}},"50":{"start":{"line":51,"column":0},"end":{"line":51,"column":3}},"51":{"start":{"line":52,"column":0},"end":{"line":52,"column":45}},"52":{"start":{"line":53,"column":0},"end":{"line":53,"column":40}},"53":{"start":{"line":54,"column":0},"end":{"line":54,"column":42}},"54":{"start":{"line":55,"column":0},"end":{"line":55,"column":50}},"55":{"start":{"line":56,"column":0},"end":{"line":56,"column":0}},"56":{"start":{"line":57,"column":0},"end":{"line":57,"column":22}},"57":{"start":{"line":58,"column":0},"end":{"line":58,"column":71}},"58":{"start":{"line":59,"column":0},"end":{"line":59,"column":39}},"59":{"start":{"line":60,"column":0},"end":{"line":60,"column":73}},"60":{"start":{"line":61,"column":0},"end":{"line":61,"column":6}},"61":{"start":{"line":62,"column":0},"end":{"line":62,"column":28}},"62":{"start":{"line":63,"column":0},"end":{"line":63,"column":3}},"63":{"start":{"line":64,"column":0},"end":{"line":64,"column":0}},"64":{"start":{"line":65,"column":0},"end":{"line":65,"column":21}},"65":{"start":{"line":66,"column":0},"end":{"line":66,"column":22}},"66":{"start":{"line":67,"column":0},"end":{"line":67,"column":1}},"67":{"start":{"line":68,"column":0},"end":{"line":68,"column":0}},"68":{"start":{"line":69,"column":0},"end":{"line":69,"column":3}},"69":{"start":{"line":70,"column":0},"end":{"line":70,"column":33}},"70":{"start":{"line":71,"column":0},"end":{"line":71,"column":57}},"71":{"start":{"line":72,"column":0},"end":{"line":72,"column":3}},"72":{"start":{"line":73,"column":0},"end":{"line":73,"column":33}},"73":{"start":{"line":74,"column":0},"end":{"line":74,"column":7}},"74":{"start":{"line":75,"column":0},"end":{"line":75,"column":25}},"75":{"start":{"line":76,"column":0},"end":{"line":76,"column":16}},"76":{"start":{"line":77,"column":0},"end":{"line":77,"column":11}},"77":{"start":{"line":78,"column":0},"end":{"line":78,"column":17}},"78":{"start":{"line":79,"column":0},"end":{"line":79,"column":3}},"79":{"start":{"line":80,"column":0},"end":{"line":80,"column":1}}},"s":{"0":1,"1":1,"2":1,"3":1,"4":1,"5":1,"6":1,"7":1,"8":1,"9":1,"10":1,"11":1,"12":1,"13":1,"14":1,"15":1,"16":1,"17":1,"18":1,"19":1,"20":1,"21":15,"22":15,"23":15,"24":15,"25":15,"26":0,"27":0,"28":15,"29":15,"30":15,"31":18,"32":18,"33":18,"34":18,"35":18,"36":14,"37":18,"38":1,"39":1,"40":18,"41":15,"42":15,"43":1,"44":1,"45":1,"46":1,"47":1,"48":1,"49":1,"50":1,"51":1,"52":7,"53":7,"54":7,"55":5,"56":7,"57":4,"58":4,"59":4,"60":4,"61":4,"62":4,"63":2,"64":2,"65":2,"66":2,"67":1,"68":1,"69":1,"70":1,"71":1,"72":1,"73":17,"74":17,"75":17,"76":17,"77":2,"78":2,"79":17},"branchMap":{"0":{"type":"branch","line":21,"loc":{"start":{"line":21,"column":7},"end":{"line":43,"column":1}},"locations":[{"start":{"line":21,"column":7},"end":{"line":43,"column":1}}]},"1":{"type":"branch","line":26,"loc":{"start":{"line":26,"column":4},"end":{"line":28,"column":3}},"locations":[{"start":{"line":26,"column":4},"end":{"line":28,"column":3}}]},"2":{"type":"branch","line":31,"loc":{"start":{"line":31,"column":28},"end":{"line":41,"column":3}},"locations":[{"start":{"line":31,"column":28},"end":{"line":41,"column":3}}]},"3":{"type":"branch","line":35,"loc":{"start":{"line":35,"column":21},"end":{"line":35,"column":33}},"locations":[{"start":{"line":35,"column":21},"end":{"line":35,"column":33}}]},"4":{"type":"branch","line":35,"loc":{"start":{"line":35,"column":35},"end":{"line":35,"column":44}},"locations":[{"start":{"line":35,"column":35},"end":{"line":35,"column":44}}]},"5":{"type":"branch","line":36,"loc":{"start":{"line":36,"column":-2},"end":{"line":36,"column":33}},"locations":[{"start":{"line":36,"column":-2},"end":{"line":36,"column":33}}]},"6":{"type":"branch","line":36,"loc":{"start":{"line":36,"column":33},"end":{"line":36,"column":42}},"locations":[{"start":{"line":36,"column":33},"end":{"line":36,"column":42}}]},"7":{"type":"branch","line":37,"loc":{"start":{"line":37,"column":-2},"end":{"line":38,"column":6}},"locations":[{"start":{"line":37,"column":-2},"end":{"line":38,"column":6}}]},"8":{"type":"branch","line":38,"loc":{"start":{"line":38,"column":6},"end":{"line":40,"column":5}},"locations":[{"start":{"line":38,"column":6},"end":{"line":40,"column":5}}]},"9":{"type":"branch","line":25,"loc":{"start":{"line":25,"column":36},"end":{"line":25,"column":62}},"locations":[{"start":{"line":25,"column":36},"end":{"line":25,"column":62}}]},"10":{"type":"branch","line":52,"loc":{"start":{"line":52,"column":7},"end":{"line":67,"column":1}},"locations":[{"start":{"line":52,"column":7},"end":{"line":67,"column":1}}]},"11":{"type":"branch","line":54,"loc":{"start":{"line":54,"column":30},"end":{"line":54,"column":42}},"locations":[{"start":{"line":54,"column":30},"end":{"line":54,"column":42}}]},"12":{"type":"branch","line":55,"loc":{"start":{"line":55,"column":-2},"end":{"line":55,"column":30}},"locations":[{"start":{"line":55,"column":-2},"end":{"line":55,"column":30}}]},"13":{"type":"branch","line":55,"loc":{"start":{"line":55,"column":30},"end":{"line":55,"column":50}},"locations":[{"start":{"line":55,"column":30},"end":{"line":55,"column":50}}]},"14":{"type":"branch","line":56,"loc":{"start":{"line":56,"column":-2},"end":{"line":57,"column":21}},"locations":[{"start":{"line":56,"column":-2},"end":{"line":57,"column":21}}]},"15":{"type":"branch","line":57,"loc":{"start":{"line":57,"column":21},"end":{"line":63,"column":3}},"locations":[{"start":{"line":57,"column":21},"end":{"line":63,"column":3}}]},"16":{"type":"branch","line":62,"loc":{"start":{"line":62,"column":15},"end":{"line":62,"column":28}},"locations":[{"start":{"line":62,"column":15},"end":{"line":62,"column":28}}]},"17":{"type":"branch","line":63,"loc":{"start":{"line":63,"column":2},"end":{"line":67,"column":1}},"locations":[{"start":{"line":63,"column":2},"end":{"line":67,"column":1}}]},"18":{"type":"branch","line":59,"loc":{"start":{"line":59,"column":33},"end":{"line":60,"column":72}},"locations":[{"start":{"line":59,"column":33},"end":{"line":60,"column":72}}]},"19":{"type":"branch","line":73,"loc":{"start":{"line":73,"column":7},"end":{"line":80,"column":1}},"locations":[{"start":{"line":73,"column":7},"end":{"line":80,"column":1}}]},"20":{"type":"branch","line":77,"loc":{"start":{"line":77,"column":4},"end":{"line":79,"column":3}},"locations":[{"start":{"line":77,"column":4},"end":{"line":79,"column":3}}]}},"b":{"0":[15],"1":[0],"2":[18],"3":[16],"4":[2],"5":[15],"6":[1],"7":[14],"8":[1],"9":[19],"10":[7],"11":[1],"12":[6],"13":[1],"14":[5],"15":[4],"16":[3],"17":[2],"18":[6],"19":[17],"20":[2]},"fnMap":{"0":{"name":"discoverInstances","decl":{"start":{"line":21,"column":7},"end":{"line":43,"column":1}},"loc":{"start":{"line":21,"column":7},"end":{"line":43,"column":1}},"line":21},"1":{"name":"findInstance","decl":{"start":{"line":52,"column":7},"end":{"line":67,"column":1}},"loc":{"start":{"line":52,"column":7},"end":{"line":67,"column":1}},"line":52},"2":{"name":"isPidAlive","decl":{"start":{"line":73,"column":7},"end":{"line":80,"column":1}},"loc":{"start":{"line":73,"column":7},"end":{"line":80,"column":1}},"line":73}},"f":{"0":15,"1":7,"2":17}}
,"D:\\git\\eclipse-jdt-search\\cli\\src\\home.mjs": {"path":"D:\\git\\eclipse-jdt-search\\cli\\src\\home.mjs","all":false,"statementMap":{"0":{"start":{"line":1,"column":0},"end":{"line":1,"column":71}},"1":{"start":{"line":2,"column":0},"end":{"line":2,"column":0}},"2":{"start":{"line":3,"column":0},"end":{"line":3,"column":77}},"3":{"start":{"line":4,"column":0},"end":{"line":4,"column":33}},"4":{"start":{"line":5,"column":0},"end":{"line":5,"column":34}},"5":{"start":{"line":6,"column":0},"end":{"line":6,"column":41}},"6":{"start":{"line":7,"column":0},"end":{"line":7,"column":0}},"7":{"start":{"line":8,"column":0},"end":{"line":8,"column":51}},"8":{"start":{"line":9,"column":0},"end":{"line":9,"column":0}},"9":{"start":{"line":10,"column":0},"end":{"line":10,"column":10}},"10":{"start":{"line":11,"column":0},"end":{"line":11,"column":0}},"11":{"start":{"line":12,"column":0},"end":{"line":12,"column":58}},"12":{"start":{"line":13,"column":0},"end":{"line":13,"column":27}},"13":{"start":{"line":14,"column":0},"end":{"line":14,"column":26}},"14":{"start":{"line":15,"column":0},"end":{"line":15,"column":53}},"15":{"start":{"line":16,"column":0},"end":{"line":16,"column":19}},"16":{"start":{"line":17,"column":0},"end":{"line":17,"column":15}},"17":{"start":{"line":18,"column":0},"end":{"line":18,"column":1}},"18":{"start":{"line":19,"column":0},"end":{"line":19,"column":0}},"19":{"start":{"line":20,"column":0},"end":{"line":20,"column":74}},"20":{"start":{"line":21,"column":0},"end":{"line":21,"column":32}},"21":{"start":{"line":22,"column":0},"end":{"line":22,"column":43}},"22":{"start":{"line":23,"column":0},"end":{"line":23,"column":17}},"23":{"start":{"line":24,"column":0},"end":{"line":24,"column":13}},"24":{"start":{"line":25,"column":0},"end":{"line":25,"column":1}},"25":{"start":{"line":26,"column":0},"end":{"line":26,"column":0}},"26":{"start":{"line":27,"column":0},"end":{"line":27,"column":58}},"27":{"start":{"line":28,"column":0},"end":{"line":28,"column":29}},"28":{"start":{"line":29,"column":0},"end":{"line":29,"column":40}},"29":{"start":{"line":30,"column":0},"end":{"line":30,"column":17}},"30":{"start":{"line":31,"column":0},"end":{"line":31,"column":13}},"31":{"start":{"line":32,"column":0},"end":{"line":32,"column":1}},"32":{"start":{"line":33,"column":0},"end":{"line":33,"column":0}},"33":{"start":{"line":34,"column":0},"end":{"line":34,"column":67}},"34":{"start":{"line":35,"column":0},"end":{"line":35,"column":30}},"35":{"start":{"line":36,"column":0},"end":{"line":36,"column":52}},"36":{"start":{"line":37,"column":0},"end":{"line":37,"column":41}},"37":{"start":{"line":38,"column":0},"end":{"line":38,"column":7}},"38":{"start":{"line":39,"column":0},"end":{"line":39,"column":56}},"39":{"start":{"line":40,"column":0},"end":{"line":40,"column":11}},"40":{"start":{"line":41,"column":0},"end":{"line":41,"column":14}},"41":{"start":{"line":42,"column":0},"end":{"line":42,"column":3}},"42":{"start":{"line":43,"column":0},"end":{"line":43,"column":1}},"43":{"start":{"line":44,"column":0},"end":{"line":44,"column":0}},"44":{"start":{"line":45,"column":0},"end":{"line":45,"column":65}},"45":{"start":{"line":46,"column":0},"end":{"line":46,"column":38}},"46":{"start":{"line":47,"column":0},"end":{"line":47,"column":52}},"47":{"start":{"line":48,"column":0},"end":{"line":48,"column":31}},"48":{"start":{"line":49,"column":0},"end":{"line":49,"column":44}},"49":{"start":{"line":50,"column":0},"end":{"line":50,"column":68}},"50":{"start":{"line":51,"column":0},"end":{"line":51,"column":16}},"51":{"start":{"line":52,"column":0},"end":{"line":52,"column":1}},"52":{"start":{"line":53,"column":0},"end":{"line":53,"column":0}},"53":{"start":{"line":54,"column":0},"end":{"line":54,"column":44}},"54":{"start":{"line":55,"column":0},"end":{"line":55,"column":29}},"55":{"start":{"line":56,"column":0},"end":{"line":56,"column":20}},"56":{"start":{"line":57,"column":0},"end":{"line":57,"column":1}},"57":{"start":{"line":58,"column":0},"end":{"line":58,"column":0}},"58":{"start":{"line":59,"column":0},"end":{"line":59,"column":79}},"59":{"start":{"line":60,"column":0},"end":{"line":60,"column":46}},"60":{"start":{"line":61,"column":0},"end":{"line":61,"column":79}},"61":{"start":{"line":62,"column":0},"end":{"line":62,"column":1}},"62":{"start":{"line":63,"column":0},"end":{"line":63,"column":0}},"63":{"start":{"line":64,"column":0},"end":{"line":64,"column":25}},"64":{"start":{"line":65,"column":0},"end":{"line":65,"column":25}},"65":{"start":{"line":66,"column":0},"end":{"line":66,"column":40}},"66":{"start":{"line":67,"column":0},"end":{"line":67,"column":3}},"67":{"start":{"line":68,"column":0},"end":{"line":68,"column":1}}},"s":{"0":1,"1":1,"2":1,"3":1,"4":1,"5":1,"6":1,"7":1,"8":1,"9":1,"10":1,"11":1,"12":1,"13":31,"14":31,"15":31,"16":31,"17":31,"18":1,"19":1,"20":1,"21":16,"22":16,"23":16,"24":16,"25":1,"26":1,"27":1,"28":1,"29":1,"30":1,"31":1,"32":1,"33":1,"34":1,"35":7,"36":7,"37":4,"38":4,"39":7,"40":1,"41":1,"42":7,"43":1,"44":1,"45":1,"46":3,"47":3,"48":3,"49":3,"50":3,"51":3,"52":1,"53":1,"54":1,"55":59,"56":59,"57":1,"58":1,"59":1,"60":5,"61":5,"62":1,"63":41,"64":41,"65":2,"66":2,"67":41},"branchMap":{"0":{"type":"branch","line":13,"loc":{"start":{"line":13,"column":7},"end":{"line":18,"column":1}},"locations":[{"start":{"line":13,"column":7},"end":{"line":18,"column":1}}]},"1":{"type":"branch","line":14,"loc":{"start":{"line":14,"column":13},"end":{"line":14,"column":26}},"locations":[{"start":{"line":14,"column":13},"end":{"line":14,"column":26}}]},"2":{"type":"branch","line":15,"loc":{"start":{"line":15,"column":-2},"end":{"line":15,"column":37}},"locations":[{"start":{"line":15,"column":-2},"end":{"line":15,"column":37}}]},"3":{"type":"branch","line":15,"loc":{"start":{"line":15,"column":37},"end":{"line":15,"column":52}},"locations":[{"start":{"line":15,"column":37},"end":{"line":15,"column":52}}]},"4":{"type":"branch","line":21,"loc":{"start":{"line":21,"column":7},"end":{"line":25,"column":1}},"locations":[{"start":{"line":21,"column":7},"end":{"line":25,"column":1}}]},"5":{"type":"branch","line":28,"loc":{"start":{"line":28,"column":7},"end":{"line":32,"column":1}},"locations":[{"start":{"line":28,"column":7},"end":{"line":32,"column":1}}]},"6":{"type":"branch","line":35,"loc":{"start":{"line":35,"column":7},"end":{"line":43,"column":1}},"locations":[{"start":{"line":35,"column":7},"end":{"line":43,"column":1}}]},"7":{"type":"branch","line":37,"loc":{"start":{"line":37,"column":31},"end":{"line":37,"column":41}},"locations":[{"start":{"line":37,"column":31},"end":{"line":37,"column":41}}]},"8":{"type":"branch","line":38,"loc":{"start":{"line":38,"column":-2},"end":{"line":40,"column":4}},"locations":[{"start":{"line":38,"column":-2},"end":{"line":40,"column":4}}]},"9":{"type":"branch","line":40,"loc":{"start":{"line":40,"column":4},"end":{"line":42,"column":3}},"locations":[{"start":{"line":40,"column":4},"end":{"line":42,"column":3}}]},"10":{"type":"branch","line":46,"loc":{"start":{"line":46,"column":7},"end":{"line":52,"column":1}},"locations":[{"start":{"line":46,"column":7},"end":{"line":52,"column":1}}]},"11":{"type":"branch","line":55,"loc":{"start":{"line":55,"column":7},"end":{"line":57,"column":1}},"locations":[{"start":{"line":55,"column":7},"end":{"line":57,"column":1}}]},"12":{"type":"branch","line":60,"loc":{"start":{"line":60,"column":7},"end":{"line":62,"column":1}},"locations":[{"start":{"line":60,"column":7},"end":{"line":62,"column":1}}]},"13":{"type":"branch","line":64,"loc":{"start":{"line":64,"column":0},"end":{"line":68,"column":1}},"locations":[{"start":{"line":64,"column":0},"end":{"line":68,"column":1}}]},"14":{"type":"branch","line":65,"loc":{"start":{"line":65,"column":24},"end":{"line":67,"column":3}},"locations":[{"start":{"line":65,"column":24},"end":{"line":67,"column":3}}]}},"b":{"0":[31],"1":[7],"2":[24],"3":[1],"4":[16],"5":[1],"6":[7],"7":[3],"8":[4],"9":[1],"10":[3],"11":[59],"12":[5],"13":[41],"14":[2]},"fnMap":{"0":{"name":"getHome","decl":{"start":{"line":13,"column":7},"end":{"line":18,"column":1}},"loc":{"start":{"line":13,"column":7},"end":{"line":18,"column":1}},"line":13},"1":{"name":"instancesDir","decl":{"start":{"line":21,"column":7},"end":{"line":25,"column":1}},"loc":{"start":{"line":21,"column":7},"end":{"line":25,"column":1}},"line":21},"2":{"name":"pluginDir","decl":{"start":{"line":28,"column":7},"end":{"line":32,"column":1}},"loc":{"start":{"line":28,"column":7},"end":{"line":32,"column":1}},"line":28},"3":{"name":"readConfig","decl":{"start":{"line":35,"column":7},"end":{"line":43,"column":1}},"loc":{"start":{"line":35,"column":7},"end":{"line":43,"column":1}},"line":35},"4":{"name":"writeConfig","decl":{"start":{"line":46,"column":7},"end":{"line":52,"column":1}},"loc":{"start":{"line":46,"column":7},"end":{"line":52,"column":1}},"line":46},"5":{"name":"resetHome","decl":{"start":{"line":55,"column":7},"end":{"line":57,"column":1}},"loc":{"start":{"line":55,"column":7},"end":{"line":57,"column":1}},"line":55},"6":{"name":"workspaceHash","decl":{"start":{"line":60,"column":7},"end":{"line":62,"column":1}},"loc":{"start":{"line":60,"column":7},"end":{"line":62,"column":1}},"line":60},"7":{"name":"ensureDir","decl":{"start":{"line":64,"column":0},"end":{"line":68,"column":1}},"loc":{"start":{"line":64,"column":0},"end":{"line":68,"column":1}},"line":64}},"f":{"0":31,"1":16,"2":1,"3":7,"4":3,"5":59,"6":5,"7":41}}
,"D:\\git\\eclipse-jdt-search\\cli\\src\\paths.mjs": {"path":"D:\\git\\eclipse-jdt-search\\cli\\src\\paths.mjs","all":false,"statementMap":{"0":{"start":{"line":1,"column":0},"end":{"line":1,"column":47}},"1":{"start":{"line":2,"column":0},"end":{"line":2,"column":0}},"2":{"start":{"line":3,"column":0},"end":{"line":3,"column":3}},"3":{"start":{"line":4,"column":0},"end":{"line":4,"column":52}},"4":{"start":{"line":5,"column":0},"end":{"line":5,"column":76}},"5":{"start":{"line":6,"column":0},"end":{"line":6,"column":3}},"6":{"start":{"line":7,"column":0},"end":{"line":7,"column":38}},"7":{"start":{"line":8,"column":0},"end":{"line":8,"column":59}},"8":{"start":{"line":9,"column":0},"end":{"line":9,"column":1}},"9":{"start":{"line":10,"column":0},"end":{"line":10,"column":0}},"10":{"start":{"line":11,"column":0},"end":{"line":11,"column":3}},"11":{"start":{"line":12,"column":0},"end":{"line":12,"column":62}},"12":{"start":{"line":13,"column":0},"end":{"line":13,"column":51}},"13":{"start":{"line":14,"column":0},"end":{"line":14,"column":3}},"14":{"start":{"line":15,"column":0},"end":{"line":15,"column":29}},"15":{"start":{"line":16,"column":0},"end":{"line":16,"column":41}},"16":{"start":{"line":17,"column":0},"end":{"line":17,"column":1}}},"s":{"0":1,"1":1,"2":1,"3":1,"4":1,"5":1,"6":1,"7":23,"8":23,"9":1,"10":1,"11":1,"12":1,"13":1,"14":1,"15":7,"16":7},"branchMap":{"0":{"type":"branch","line":7,"loc":{"start":{"line":7,"column":7},"end":{"line":9,"column":1}},"locations":[{"start":{"line":7,"column":7},"end":{"line":9,"column":1}}]},"1":{"type":"branch","line":8,"loc":{"start":{"line":8,"column":32},"end":{"line":8,"column":49}},"locations":[{"start":{"line":8,"column":32},"end":{"line":8,"column":49}}]},"2":{"type":"branch","line":8,"loc":{"start":{"line":8,"column":50},"end":{"line":8,"column":58}},"locations":[{"start":{"line":8,"column":50},"end":{"line":8,"column":58}}]},"3":{"type":"branch","line":15,"loc":{"start":{"line":15,"column":7},"end":{"line":17,"column":1}},"locations":[{"start":{"line":15,"column":7},"end":{"line":17,"column":1}}]},"4":{"type":"branch","line":16,"loc":{"start":{"line":16,"column":27},"end":{"line":16,"column":30}},"locations":[{"start":{"line":16,"column":27},"end":{"line":16,"column":30}}]},"5":{"type":"branch","line":16,"loc":{"start":{"line":16,"column":31},"end":{"line":16,"column":40}},"locations":[{"start":{"line":16,"column":31},"end":{"line":16,"column":40}}]}},"b":{"0":[23],"1":[22],"2":[1],"3":[7],"4":[1],"5":[6]},"fnMap":{"0":{"name":"stripProject","decl":{"start":{"line":7,"column":7},"end":{"line":9,"column":1}},"loc":{"start":{"line":7,"column":7},"end":{"line":9,"column":1}},"line":7},"1":{"name":"toWsPath","decl":{"start":{"line":15,"column":7},"end":{"line":17,"column":1}},"loc":{"start":{"line":15,"column":7},"end":{"line":17,"column":1}},"line":15}},"f":{"0":23,"1":7}}
,"D:\\git\\eclipse-jdt-search\\cli\\src\\commands\\editor.mjs": {"path":"D:\\git\\eclipse-jdt-search\\cli\\src\\commands\\editor.mjs","all":false,"statementMap":{"0":{"start":{"line":1,"column":0},"end":{"line":1,"column":36}},"1":{"start":{"line":2,"column":0},"end":{"line":2,"column":60}},"2":{"start":{"line":3,"column":0},"end":{"line":3,"column":44}},"3":{"start":{"line":4,"column":0},"end":{"line":4,"column":0}},"4":{"start":{"line":5,"column":0},"end":{"line":5,"column":38}},"5":{"start":{"line":6,"column":0},"end":{"line":6,"column":45}},"6":{"start":{"line":7,"column":0},"end":{"line":7,"column":21}},"7":{"start":{"line":8,"column":0},"end":{"line":8,"column":32}},"8":{"start":{"line":9,"column":0},"end":{"line":9,"column":20}},"9":{"start":{"line":10,"column":0},"end":{"line":10,"column":3}},"10":{"start":{"line":11,"column":0},"end":{"line":11,"column":29}},"11":{"start":{"line":12,"column":0},"end":{"line":12,"column":34}},"12":{"start":{"line":13,"column":0},"end":{"line":13,"column":10}},"13":{"start":{"line":14,"column":0},"end":{"line":14,"column":63}},"14":{"start":{"line":15,"column":0},"end":{"line":15,"column":3}},"15":{"start":{"line":16,"column":0},"end":{"line":16,"column":1}},"16":{"start":{"line":17,"column":0},"end":{"line":17,"column":0}},"17":{"start":{"line":18,"column":0},"end":{"line":18,"column":34}},"18":{"start":{"line":19,"column":0},"end":{"line":19,"column":38}},"19":{"start":{"line":20,"column":0},"end":{"line":20,"column":33}},"20":{"start":{"line":21,"column":0},"end":{"line":21,"column":21}},"21":{"start":{"line":22,"column":0},"end":{"line":22,"column":24}},"22":{"start":{"line":23,"column":0},"end":{"line":23,"column":13}},"23":{"start":{"line":24,"column":0},"end":{"line":24,"column":60}},"24":{"start":{"line":25,"column":0},"end":{"line":25,"column":20}},"25":{"start":{"line":26,"column":0},"end":{"line":26,"column":3}},"26":{"start":{"line":27,"column":0},"end":{"line":27,"column":53}},"27":{"start":{"line":28,"column":0},"end":{"line":28,"column":61}},"28":{"start":{"line":29,"column":0},"end":{"line":29,"column":56}},"29":{"start":{"line":30,"column":0},"end":{"line":30,"column":35}},"30":{"start":{"line":31,"column":0},"end":{"line":31,"column":32}},"31":{"start":{"line":32,"column":0},"end":{"line":32,"column":21}},"32":{"start":{"line":33,"column":0},"end":{"line":33,"column":32}},"33":{"start":{"line":34,"column":0},"end":{"line":34,"column":20}},"34":{"start":{"line":35,"column":0},"end":{"line":35,"column":3}},"35":{"start":{"line":36,"column":0},"end":{"line":36,"column":24}},"36":{"start":{"line":37,"column":0},"end":{"line":37,"column":1}},"37":{"start":{"line":38,"column":0},"end":{"line":38,"column":0}},"38":{"start":{"line":39,"column":0},"end":{"line":39,"column":92}},"39":{"start":{"line":40,"column":0},"end":{"line":40,"column":0}},"40":{"start":{"line":41,"column":0},"end":{"line":41,"column":27}},"41":{"start":{"line":42,"column":0},"end":{"line":42,"column":0}},"42":{"start":{"line":43,"column":0},"end":{"line":43,"column":69}},"43":{"start":{"line":44,"column":0},"end":{"line":44,"column":0}},"44":{"start":{"line":45,"column":0},"end":{"line":45,"column":43}},"45":{"start":{"line":46,"column":0},"end":{"line":46,"column":0}},"46":{"start":{"line":47,"column":0},"end":{"line":47,"column":9}},"47":{"start":{"line":48,"column":0},"end":{"line":48,"column":34}},"48":{"start":{"line":49,"column":0},"end":{"line":49,"column":45}}},"s":{"0":1,"1":1,"2":1,"3":1,"4":1,"5":3,"6":3,"7":1,"8":1,"9":1,"10":3,"11":1,"12":1,"13":1,"14":1,"15":3,"16":1,"17":1,"18":3,"19":3,"20":3,"21":3,"22":3,"23":1,"24":1,"25":1,"26":2,"27":3,"28":3,"29":3,"30":2,"31":3,"32":1,"33":1,"34":1,"35":1,"36":1,"37":1,"38":1,"39":1,"40":1,"41":1,"42":1,"43":1,"44":1,"45":1,"46":1,"47":1,"48":1},"branchMap":{"0":{"type":"branch","line":5,"loc":{"start":{"line":5,"column":7},"end":{"line":16,"column":1}},"locations":[{"start":{"line":5,"column":7},"end":{"line":16,"column":1}}]},"1":{"type":"branch","line":7,"loc":{"start":{"line":7,"column":20},"end":{"line":10,"column":3}},"locations":[{"start":{"line":7,"column":20},"end":{"line":10,"column":3}}]},"2":{"type":"branch","line":10,"loc":{"start":{"line":10,"column":2},"end":{"line":11,"column":28}},"locations":[{"start":{"line":10,"column":2},"end":{"line":11,"column":28}}]},"3":{"type":"branch","line":11,"loc":{"start":{"line":11,"column":28},"end":{"line":15,"column":3}},"locations":[{"start":{"line":11,"column":28},"end":{"line":15,"column":3}}]},"4":{"type":"branch","line":18,"loc":{"start":{"line":18,"column":7},"end":{"line":37,"column":1}},"locations":[{"start":{"line":18,"column":7},"end":{"line":37,"column":1}}]},"5":{"type":"branch","line":23,"loc":{"start":{"line":23,"column":12},"end":{"line":26,"column":3}},"locations":[{"start":{"line":23,"column":12},"end":{"line":26,"column":3}}]},"6":{"type":"branch","line":26,"loc":{"start":{"line":26,"column":2},"end":{"line":28,"column":14}},"locations":[{"start":{"line":26,"column":2},"end":{"line":28,"column":14}}]},"7":{"type":"branch","line":28,"loc":{"start":{"line":28,"column":14},"end":{"line":28,"column":61}},"locations":[{"start":{"line":28,"column":14},"end":{"line":28,"column":61}}]},"8":{"type":"branch","line":29,"loc":{"start":{"line":29,"column":-2},"end":{"line":29,"column":32}},"locations":[{"start":{"line":29,"column":-2},"end":{"line":29,"column":32}}]},"9":{"type":"branch","line":29,"loc":{"start":{"line":29,"column":32},"end":{"line":29,"column":55}},"locations":[{"start":{"line":29,"column":32},"end":{"line":29,"column":55}}]},"10":{"type":"branch","line":30,"loc":{"start":{"line":30,"column":4},"end":{"line":30,"column":35}},"locations":[{"start":{"line":30,"column":4},"end":{"line":30,"column":35}}]},"11":{"type":"branch","line":31,"loc":{"start":{"line":31,"column":-2},"end":{"line":32,"column":20}},"locations":[{"start":{"line":31,"column":-2},"end":{"line":32,"column":20}}]},"12":{"type":"branch","line":32,"loc":{"start":{"line":32,"column":20},"end":{"line":37,"column":1}},"locations":[{"start":{"line":32,"column":20},"end":{"line":37,"column":1}}]}},"b":{"0":[3],"1":[1],"2":[2],"3":[1],"4":[3],"5":[1],"6":[2],"7":[0],"8":[2],"9":[0],"10":[0],"11":[2],"12":[1]},"fnMap":{"0":{"name":"activeEditor","decl":{"start":{"line":5,"column":7},"end":{"line":16,"column":1}},"loc":{"start":{"line":5,"column":7},"end":{"line":16,"column":1}},"line":5},"1":{"name":"open","decl":{"start":{"line":18,"column":7},"end":{"line":37,"column":1}},"loc":{"start":{"line":18,"column":7},"end":{"line":37,"column":1}},"line":18}},"f":{"0":3,"1":3}}
,"D:\\git\\eclipse-jdt-search\\cli\\src\\commands\\errors.mjs": {"path":"D:\\git\\eclipse-jdt-search\\cli\\src\\commands\\errors.mjs","all":false,"statementMap":{"0":{"start":{"line":1,"column":0},"end":{"line":1,"column":36}},"1":{"start":{"line":2,"column":0},"end":{"line":2,"column":41}},"2":{"start":{"line":3,"column":0},"end":{"line":3,"column":54}},"3":{"start":{"line":4,"column":0},"end":{"line":4,"column":43}},"4":{"start":{"line":5,"column":0},"end":{"line":5,"column":0}},"5":{"start":{"line":6,"column":0},"end":{"line":6,"column":36}},"6":{"start":{"line":7,"column":0},"end":{"line":7,"column":33}},"7":{"start":{"line":8,"column":0},"end":{"line":8,"column":20}},"8":{"start":{"line":9,"column":0},"end":{"line":9,"column":82}},"9":{"start":{"line":10,"column":0},"end":{"line":10,"column":81}},"10":{"start":{"line":11,"column":0},"end":{"line":11,"column":63}},"11":{"start":{"line":12,"column":0},"end":{"line":12,"column":40}},"12":{"start":{"line":13,"column":0},"end":{"line":13,"column":40}},"13":{"start":{"line":14,"column":0},"end":{"line":14,"column":46}},"14":{"start":{"line":15,"column":0},"end":{"line":15,"column":36}},"15":{"start":{"line":16,"column":0},"end":{"line":16,"column":0}},"16":{"start":{"line":17,"column":0},"end":{"line":17,"column":22}},"17":{"start":{"line":18,"column":0},"end":{"line":18,"column":55}},"18":{"start":{"line":19,"column":0},"end":{"line":19,"column":0}},"19":{"start":{"line":20,"column":0},"end":{"line":20,"column":50}},"20":{"start":{"line":21,"column":0},"end":{"line":21,"column":17}},"21":{"start":{"line":22,"column":0},"end":{"line":22,"column":64}},"22":{"start":{"line":23,"column":0},"end":{"line":23,"column":42}},"23":{"start":{"line":24,"column":0},"end":{"line":24,"column":22}},"24":{"start":{"line":25,"column":0},"end":{"line":25,"column":33}},"25":{"start":{"line":26,"column":0},"end":{"line":26,"column":20}},"26":{"start":{"line":27,"column":0},"end":{"line":27,"column":3}},"27":{"start":{"line":28,"column":0},"end":{"line":28,"column":29}},"28":{"start":{"line":29,"column":0},"end":{"line":29,"column":31}},"29":{"start":{"line":30,"column":0},"end":{"line":30,"column":11}},"30":{"start":{"line":31,"column":0},"end":{"line":31,"column":3}},"31":{"start":{"line":32,"column":0},"end":{"line":32,"column":0}},"32":{"start":{"line":33,"column":0},"end":{"line":33,"column":28}},"33":{"start":{"line":34,"column":0},"end":{"line":34,"column":72}},"34":{"start":{"line":35,"column":0},"end":{"line":35,"column":49}},"35":{"start":{"line":36,"column":0},"end":{"line":36,"column":80}},"36":{"start":{"line":37,"column":0},"end":{"line":37,"column":3}},"37":{"start":{"line":38,"column":0},"end":{"line":38,"column":1}},"38":{"start":{"line":39,"column":0},"end":{"line":39,"column":0}},"39":{"start":{"line":40,"column":0},"end":{"line":40,"column":62}},"40":{"start":{"line":41,"column":0},"end":{"line":41,"column":0}},"41":{"start":{"line":42,"column":0},"end":{"line":42,"column":53}},"42":{"start":{"line":43,"column":0},"end":{"line":43,"column":53}},"43":{"start":{"line":44,"column":0},"end":{"line":44,"column":39}},"44":{"start":{"line":45,"column":0},"end":{"line":45,"column":0}},"45":{"start":{"line":46,"column":0},"end":{"line":46,"column":46}},"46":{"start":{"line":47,"column":0},"end":{"line":47,"column":54}},"47":{"start":{"line":48,"column":0},"end":{"line":48,"column":36}},"48":{"start":{"line":49,"column":0},"end":{"line":49,"column":0}},"49":{"start":{"line":50,"column":0},"end":{"line":50,"column":20}},"50":{"start":{"line":51,"column":0},"end":{"line":51,"column":61}},"51":{"start":{"line":52,"column":0},"end":{"line":52,"column":39}},"52":{"start":{"line":53,"column":0},"end":{"line":53,"column":47}},"53":{"start":{"line":54,"column":0},"end":{"line":54,"column":63}},"54":{"start":{"line":55,"column":0},"end":{"line":55,"column":0}},"55":{"start":{"line":56,"column":0},"end":{"line":56,"column":9}},"56":{"start":{"line":57,"column":0},"end":{"line":57,"column":32}},"57":{"start":{"line":58,"column":0},"end":{"line":58,"column":56}},"58":{"start":{"line":59,"column":0},"end":{"line":59,"column":42}}},"s":{"0":1,"1":1,"2":1,"3":1,"4":1,"5":1,"6":4,"7":4,"8":4,"9":4,"10":4,"11":4,"12":4,"13":4,"14":4,"15":4,"16":4,"17":4,"18":4,"19":4,"20":4,"21":4,"22":4,"23":4,"24":1,"25":1,"26":1,"27":4,"28":1,"29":1,"30":1,"31":2,"32":2,"33":2,"34":2,"35":2,"36":2,"37":2,"38":1,"39":1,"40":1,"41":1,"42":1,"43":1,"44":1,"45":1,"46":1,"47":1,"48":1,"49":1,"50":1,"51":1,"52":1,"53":1,"54":1,"55":1,"56":1,"57":1,"58":1},"branchMap":{"0":{"type":"branch","line":6,"loc":{"start":{"line":6,"column":7},"end":{"line":38,"column":1}},"locations":[{"start":{"line":6,"column":7},"end":{"line":38,"column":1}}]},"1":{"type":"branch","line":9,"loc":{"start":{"line":9,"column":18},"end":{"line":9,"column":82}},"locations":[{"start":{"line":9,"column":18},"end":{"line":9,"column":82}}]},"2":{"type":"branch","line":10,"loc":{"start":{"line":10,"column":21},"end":{"line":10,"column":81}},"locations":[{"start":{"line":10,"column":21},"end":{"line":10,"column":81}}]},"3":{"type":"branch","line":12,"loc":{"start":{"line":12,"column":19},"end":{"line":12,"column":40}},"locations":[{"start":{"line":12,"column":19},"end":{"line":12,"column":40}}]},"4":{"type":"branch","line":13,"loc":{"start":{"line":13,"column":19},"end":{"line":13,"column":40}},"locations":[{"start":{"line":13,"column":19},"end":{"line":13,"column":40}}]},"5":{"type":"branch","line":14,"loc":{"start":{"line":14,"column":22},"end":{"line":14,"column":46}},"locations":[{"start":{"line":14,"column":22},"end":{"line":14,"column":46}}]},"6":{"type":"branch","line":15,"loc":{"start":{"line":15,"column":17},"end":{"line":15,"column":36}},"locations":[{"start":{"line":15,"column":17},"end":{"line":15,"column":36}}]},"7":{"type":"branch","line":22,"loc":{"start":{"line":22,"column":45},"end":{"line":22,"column":54}},"locations":[{"start":{"line":22,"column":45},"end":{"line":22,"column":54}}]},"8":{"type":"branch","line":24,"loc":{"start":{"line":24,"column":21},"end":{"line":27,"column":3}},"locatio
[...]
nd":{"line":108,"column":46}},"108":{"start":{"line":109,"column":0},"end":{"line":109,"column":15}},"109":{"start":{"line":110,"column":0},"end":{"line":110,"column":13}},"110":{"start":{"line":111,"column":0},"end":{"line":111,"column":11}},"111":{"start":{"line":112,"column":0},"end":{"line":112,"column":9}},"112":{"start":{"line":113,"column":0},"end":{"line":113,"column":7}},"113":{"start":{"line":114,"column":0},"end":{"line":114,"column":5}},"114":{"start":{"line":115,"column":0},"end":{"line":115,"column":3}},"115":{"start":{"line":116,"column":0},"end":{"line":116,"column":0}},"116":{"start":{"line":117,"column":0},"end":{"line":117,"column":26}},"117":{"start":{"line":118,"column":0},"end":{"line":118,"column":1}}},"s":{"0":1,"1":1,"2":1,"3":1,"4":12,"5":12,"6":12,"7":12,"8":12,"9":12,"10":12,"11":12,"12":12,"13":12,"14":12,"15":12,"16":12,"17":12,"18":12,"19":10,"20":10,"21":10,"22":10,"23":10,"24":10,"25":10,"26":10,"27":10,"28":10,"29":10,"30":65,"31":65,"32":65,"33":72,"34":72,"35":72,"36":72,"37":288,"38":288,"39":72,"40":72,"41":65,"42":10,"43":10,"44":10,"45":10,"46":10,"47":12,"48":40,"49":40,"50":40,"51":10,"52":10,"53":10,"54":12,"55":2,"56":5,"57":1,"58":1,"59":1,"60":5,"61":2,"62":12,"63":8,"64":8,"65":10,"66":10,"67":10,"68":10,"69":12,"70":1,"71":1,"72":10,"73":10,"74":10,"75":10,"76":10,"77":10,"78":10,"79":10,"80":10,"81":10,"82":10,"83":10,"84":24,"85":24,"86":11,"87":24,"88":1,"89":1,"90":1,"91":23,"92":24,"93":10,"94":10,"95":24,"96":13,"97":13,"98":19,"99":19,"100":19,"101":19,"102":19,"103":19,"104":1,"105":4,"106":4,"107":3,"108":3,"109":4,"110":1,"111":19,"112":13,"113":24,"114":10,"115":10,"116":10,"117":10},"branchMap":{"0":{"type":"branch","line":4,"loc":{"start":{"line":4,"column":7},"end":{"line":118,"column":1}},"locations":[{"start":{"line":4,"column":7},"end":{"line":118,"column":1}}]},"1":{"type":"branch","line":10,"loc":{"start":{"line":10,"column":27},"end":{"line":10,"column":77}},"locations":[{"start":{"line":10,"column":27},"end":{"line":10,"column":77}}]},"2":{"type":"branch","line":12,"loc":{"start":{"line":12,"column":4},"end":{"line":12,"column":34}},"locations":[{"start":{"line":12,"column":4},"end":{"line":12,"column":34}}]},"3":{"type":"branch","line":13,"loc":{"start":{"line":13,"column":4},"end":{"line":13,"column":14}},"locations":[{"start":{"line":13,"column":4},"end":{"line":13,"column":14}}]},"4":{"type":"branch","line":19,"loc":{"start":{"line":19,"column":19},"end":{"line":19,"column":43}},"locations":[{"start":{"line":19,"column":19},"end":{"line":19,"column":43}}]},"5":{"type":"branch","line":20,"loc":{"start":{"line":20,"column":-2},"end":{"line":48,"column":30}},"locations":[{"start":{"line":20,"column":-2},"end":{"line":48,"column":30}}]},"6":{"type":"branch","line":30,"loc":{"start":{"line":30,"column":37},"end":{"line":42,"column":5}},"locations":[{"start":{"line":30,"column":37},"end":{"line":42,"column":5}}]},"7":{"type":"branch","line":33,"loc":{"start":{"line":33,"column":36},"end":{"line":41,"column":7}},"locations":[{"start":{"line":33,"column":36},"end":{"line":41,"column":7}}]},"8":{"type":"branch","line":37,"loc":{"start":{"line":37,"column":38},"end":{"line":39,"column":11}},"locations":[{"start":{"line":37,"column":38},"end":{"line":39,"column":11}}]},"9":{"type":"branch","line":38,"loc":{"start":{"line":38,"column":37},"end":{"line":38,"column":42}},"locations":[{"start":{"line":38,"column":37},"end":{"line":38,"column":42}}]},"10":{"type":"branch","line":48,"loc":{"start":{"line":48,"column":30},"end":{"line":51,"column":3}},"locations":[{"start":{"line":48,"column":30},"end":{"line":51,"column":3}}]},"11":{"type":"branch","line":51,"loc":{"start":{"line":51,"column":2},"end":{"line":55,"column":28}},"locations":[{"start":{"line":51,"column":2},"end":{"line":55,"column":28}}]},"12":{"type":"branch","line":55,"loc":{"start":{"line":55,"column":28},"end":{"line":63,"column":3}},"locations":[{"start":{"line":55,"column":28},"end":{"line":63,"column":3}}]},"13":{"type":"branch","line":56,"loc":{"start":{"line":56,"column":51},"end":{"line":61,"column":5}},"locations":[{"start":{"line":56,"column":51},"end":{"line":61,"column":5}}]},"14":{"type":"branch","line":57,"loc":{"start":{"line":57,"column":41},"end":{"line":60,"column":7}},"locations":[{"start":{"line":57,"column":41},"end":{"line":60,"column":7}}]},"15":{"type":"branch","line":62,"loc":{"start":{"line":62,"column":28},"end":{"line":62,"column":54}},"locations":[{"start":{"line":62,"column":28},"end":{"line":62,"column":54}}]},"16":{"type":"branch","line":62,"loc":{"start":{"line":62,"column":56},"end":{"line":62,"column":71}},"locations":[{"start":{"line":62,"column":56},"end":{"line":62,"column":71}}]},"17":{"type":"branch","line":63,"loc":{"start":{"line":63,"column":3},"end":{"line":65,"column":3}},"locations":[{"start":{"line":63,"column":3},"end":{"line":65,"column":3}}]},"18":{"type":"branch","line":64,"loc":{"start":{"line":64,"column":33},"end":{"line":64,"column":48}},"locations":[{"start":{"line":64,"column":33},"end":{"line":64,"column":48}}]},"19":{"type":"branch","line":65,"loc":{"start":{"line":65,"column":2},"end":{"line":70,"column":23}},"locations":[{"start":{"line":65,"column":2},"end":{"line":70,"column":23}}]},"20":{"type":"branch","line":70,"loc":{"start":{"line":70,"column":23},"end":{"line":72,"column":3}},"locations":[{"start":{"line":70,"column":23},"end":{"line":72,"column":3}}]},"21":{"type":"branch","line":71,"loc":{"start":{"line":71,"column":42},"end":{"line":71,"column":67}},"locations":[{"start":{"line":71,"column":42},"end":{"line":71,"column":67}}]},"22":{"type":"branch","line":72,"loc":{"start":{"line":72,"column":2},"end":{"line":118,"column":1}},"locations":[{"start":{"line":72,"column":2},"end":{"line":118,"column":1}}]},"23":{"type":"branch","line":84,"loc":{"start":{"line":84,"column":37},"end":{"line":114,"column":5}},"locations":[{"start":{"line":84,"column":37},"end":{"line":114,"column":5}}]},"24":{"type":"branch","line":86,"loc":{"start":{"line":86,"column":28},"end":{"line":87,"column":56}},"locations":[{"start":{"line":86,"column":28},"end":{"line":87,"column":56}}]},"25":{"type":"branch","line":88,"loc":{"start":{"line":88,"column":8},"end":{"line":91,"column":7}},"locations":[{"start":{"line":88,"column":8},"end":{"line":91,"column":7}}]},"26":{"type":"branch","line":91,"loc":{"start":{"line":91,"column":6},"end":{"line":93,"column":31}},"locations":[{"start":{"line":91,"column":6},"end":{"line":93,"column":31}}]},"27":{"type":"branch","line":93,"loc":{"start":{"line":93,"column":31},"end":{"line":96,"column":7}},"locations":[{"start":{"line":93,"column":31},"end":{"line":96,"column":7}}]},"28":{"type":"branch","line":96,"loc":{"start":{"line":96,"column":7},"end":{"line":113,"column":7}},"locations":[{"start":{"line":96,"column":7},"end":{"line":113,"column":7}}]},"29":{"type":"branch","line":98,"loc":{"start":{"line":98,"column":38},"end":{"line":112,"column":9}},"locations":[{"start":{"line":98,"column":38},"end":{"line":112,"column":9}}]},"30":{"type":"branch","line":99,"loc":{"start":{"line":99,"column":51},"end":{"line":99,"column":70}},"locations":[{"start":{"line":99,"column":51},"end":{"line":99,"column":70}}]},"31":{"type":"branch","line":99,"loc":{"start":{"line":99,"column":71},"end":{"line":99,"column":75}},"locations":[{"start":{"line":99,"column":71},"end":{"line":99,"column":75}}]},"32":{"type":"branch","line":100,"loc":{"start":{"line":100,"column":46},"end":{"line":100,"column":69}},"locations":[{"start":{"line":100,"column":46},"end":{"line":100,"column":69}}]},"33":{"type":"branch","line":100,"loc":{"start":{"line":100,"column":70},"end":{"line":100,"column":74}},"locations":[{"start":{"line":100,"column":70},"end":{"line":100,"column":74}}]},"34":{"type":"branch","line":104,"loc":{"start":{"line":104,"column":31},"end":{"line":104,"column":35}},"locations":[{"start":{"line":104,"column":31},"end":{"line":104,"column":35}}]},"35":{"type":"branch","line":104,"loc":{"start":{"line":104,"column":36},"end":{"line":104,"column":60}},"locations":[{"start":{"line":104,"column":36},"end":{"line":104,"column":60}}]},"36":{"type":"branch","line":104,"loc":{"start":{"line":104,"column":61},"end":{"line":104,"column":81}},"locations":[{"start":{"line":104,"column":61},"end":{"line":104,"column":81}}]},"37":{"type":"branch","line":104,"loc":{"start":{"line":104,"column":83},"end":{"line":111,"column":11}},"locations":[{"start":{"line":104,"column":83},"end":{"line":111,"column":11}}]},"38":{"type":"branch","line":105,"loc":{"start":{"line":105,"column":40},"end":{"line":110,"column":13}},"locations":[{"start":{"line":105,"column":40},"end":{"line":110,"column":13}}]},"39":{"type":"branch","line":106,"loc":{"start":{"line":106,"column":37},"end":{"line":106,"column":43}},"locations":[{"start":{"line":106,"column":37},"end":{"line":106,"column":43}}]},"40":{"type":"branch","line":107,"loc":{"start":{"line":107,"column":42},"end":{"line":107,"column":47}},"locations":[{"start":{"line":107,"column":42},"end":{"line":107,"column":47}}]},"41":{"type":"branch","line":107,"loc":{"start":{"line":107,"column":49},"end":{"line":109,"column":15}},"locations":[{"start":{"line":107,"column":49},"end":{"line":109,"column":15}}]}},"b":{"0":[12],"1":[11],"2":[11],"3":[1],"4":[2],"5":[10],"6":[65],"7":[72],"8":[288],"9":[280],"10":[40],"11":[10],"12":[2],"13":[5],"14":[1],"15":[1],"16":[1],"17":[8],"18":[6],"19":[10],"20":[1],"21":[4],"22":[10],"23":[24],"24":[11],"25":[1],"26":[23],"27":[10],"28":[13],"29":[19],"30":[5],"31":[14],"32":[1],"33":[18],"34":[1],"35":[1],"36":[1],"37":[1],"38":[4],"39":[0],"40":[0],"41":[3]},"fnMap":{"0":{"name":"formatProjectInfo","decl":{"start":{"line":4,"column":7},"end":{"line":118,"column":1}},"loc":{"start":{"line":4,"column":7},"end":{"line":118,"column":1}},"line":4}},"f":{"0":12}}
,"D:\\git\\eclipse-jdt-search\\cli\\src\\format\\references.mjs": {"path":"D:\\git\\eclipse-jdt-search\\cli\\src\\format\\references.mjs","all":false,"statementMap":{"0":{"start":{"line":1,"column":0},"end":{"line":1,"column":31}},"1":{"start":{"line":2,"column":0},"end":{"line":2,"column":70}},"2":{"start":{"line":3,"column":0},"end":{"line":3,"column":0}},"3":{"start":{"line":4,"column":0},"end":{"line":4,"column":44}},"4":{"start":{"line":5,"column":0},"end":{"line":5,"column":0}},"5":{"start":{"line":6,"column":0},"end":{"line":6,"column":43}},"6":{"start":{"line":7,"column":0},"end":{"line":7,"column":21}},"7":{"start":{"line":8,"column":0},"end":{"line":8,"column":28}},"8":{"start":{"line":9,"column":0},"end":{"line":9,"column":35}},"9":{"start":{"line":10,"column":0},"end":{"line":10,"column":33}},"10":{"start":{"line":11,"column":0},"end":{"line":11,"column":61}},"11":{"start":{"line":12,"column":0},"end":{"line":12,"column":30}},"12":{"start":{"line":13,"column":0},"end":{"line":13,"column":35}},"13":{"start":{"line":14,"column":0},"end":{"line":14,"column":21}},"14":{"start":{"line":15,"column":0},"end":{"line":15,"column":72}},"15":{"start":{"line":16,"column":0},"end":{"line":16,"column":7}},"16":{"start":{"line":17,"column":0},"end":{"line":17,"column":24}},"17":{"start":{"line":18,"column":0},"end":{"line":18,"column":5}},"18":{"start":{"line":19,"column":0},"end":{"line":19,"column":19}},"19":{"start":{"line":20,"column":0},"end":{"line":20,"column":41}},"20":{"start":{"line":21,"column":0},"end":{"line":21,"column":55}},"21":{"start":{"line":22,"column":0},"end":{"line":22,"column":12}},"22":{"start":{"line":23,"column":0},"end":{"line":23,"column":36}},"23":{"start":{"line":24,"column":0},"end":{"line":24,"column":44}},"24":{"start":{"line":25,"column":0},"end":{"line":25,"column":53}},"25":{"start":{"line":26,"column":0},"end":{"line":26,"column":5}},"26":{"start":{"line":27,"column":0},"end":{"line":27,"column":3}},"27":{"start":{"line":28,"column":0},"end":{"line":28,"column":1}}},"s":{"0":1,"1":1,"2":1,"3":1,"4":1,"5":1,"6":7,"7":7,"8":9,"9":9,"10":9,"11":9,"12":8,"13":8,"14":3,"15":3,"16":8,"17":8,"18":9,"19":3,"20":3,"21":9,"22":6,"23":6,"24":6,"25":6,"26":9,"27":7},"branchMap":{"0":{"type":"branch","line":6,"loc":{"start":{"line":6,"column":7},"end":{"line":28,"column":1}},"locations":[{"start":{"line":6,"column":7},"end":{"line":28,"column":1}}]},"1":{"type":"branch","line":8,"loc":{"start":{"line":8,"column":27},"end":{"line":27,"column":3}},"locations":[{"start":{"line":8,"column":27},"end":{"line":27,"column":3}}]},"2":{"type":"branch","line":11,"loc":{"start":{"line":11,"column":27},"end":{"line":11,"column":56}},"locations":[{"start":{"line":11,"column":27},"end":{"line":11,"column":56}}]},"3":{"type":"branch","line":11,"loc":{"start":{"line":11,"column":42},"end":{"line":11,"column":48}},"locations":[{"start":{"line":11,"column":42},"end":{"line":11,"column":48}}]},"4":{"type":"branch","line":11,"loc":{"start":{"line":11,"column":57},"end":{"line":11,"column":60}},"locations":[{"start":{"line":11,"column":57},"end":{"line":11,"column":60}}]},"5":{"type":"branch","line":12,"loc":{"start":{"line":12,"column":29},"end":{"line":18,"column":5}},"locations":[{"start":{"line":12,"column":29},"end":{"line":18,"column":5}}]},"6":{"type":"branch","line":13,"loc":{"start":{"line":13,"column":21},"end":{"line":13,"column":35}},"locations":[{"start":{"line":13,"column":21},"end":{"line":13,"column":35}}]},"7":{"type":"branch","line":14,"loc":{"start":{"line":14,"column":20},"end":{"line":16,"column":7}},"locations":[{"start":{"line":14,"column":20},"end":{"line":16,"column":7}}]},"8":{"type":"branch","line":15,"loc":{"start":{"line":15,"column":33},"end":{"line":15,"column":39}},"locations":[{"start":{"line":15,"column":33},"end":{"line":15,"column":39}}]},"9":{"type":"branch","line":19,"loc":{"start":{"line":19,"column":18},"end":{"line":22,"column":5}},"locations":[{"start":{"line":19,"column":18},"end":{"line":22,"column":5}}]},"10":{"type":"branch","line":20,"loc":{"start":{"line":20,"column":16},"end":{"line":20,"column":41}},"locations":[{"start":{"line":20,"column":16},"end":{"line":20,"column":41}}]},"11":{"type":"branch","line":21,"loc":{"start":{"line":21,"column":21},"end":{"line":21,"column":55}},"locations":[{"start":{"line":21,"column":21},"end":{"line":21,"column":55}}]},"12":{"type":"branch","line":22,"loc":{"start":{"line":22,"column":5},"end":{"line":26,"column":5}},"locations":[{"start":{"line":22,"column":5},"end":{"line":26,"column":5}}]},"13":{"type":"branch","line":24,"loc":{"start":{"line":24,"column":16},"end":{"line":24,"column":44}},"locations":[{"start":{"line":24,"column":16},"end":{"line":24,"column":44}}]},"14":{"type":"branch","line":25,"loc":{"start":{"line":25,"column":21},"end":{"line":25,"column":53}},"locations":[{"start":{"line":25,"column":21},"end":{"line":25,"column":53}}]}},"b":{"0":[7],"1":[9],"2":[3],"3":[1],"4":[6],"5":[8],"6":[1],"7":[3],"8":[1],"9":[3],"10":[2],"11":[1],"12":[6],"13":[5],"14":[5]},"fnMap":{"0":{"name":"formatReferences","decl":{"start":{"line":6,"column":7},"end":{"line":28,"column":1}},"loc":{"start":{"line":6,"column":7},"end":{"line":28,"column":1}},"line":6}},"f":{"0":7}}
,"D:\\git\\eclipse-jdt-search\\cli\\src\\format\\test-results.mjs": {"path":"D:\\git\\eclipse-jdt-search\\cli\\src\\format\\test-results.mjs","all":false,"statementMap":{"0":{"start":{"line":1,"column":0},"end":{"line":1,"column":26}},"1":{"start":{"line":2,"column":0},"end":{"line":2,"column":68}},"2":{"start":{"line":3,"column":0},"end":{"line":3,"column":0}},"3":{"start":{"line":4,"column":0},"end":{"line":4,"column":56}},"4":{"start":{"line":5,"column":0},"end":{"line":5,"column":0}},"5":{"start":{"line":6,"column":0},"end":{"line":6,"column":43}},"6":{"start":{"line":7,"column":0},"end":{"line":7,"column":17}},"7":{"start":{"line":8,"column":0},"end":{"line":8,"column":42}},"8":{"start":{"line":9,"column":0},"end":{"line":9,"column":70}},"9":{"start":{"line":10,"column":0},"end":{"line":10,"column":68}},"10":{"start":{"line":11,"column":0},"end":{"line":11,"column":68}},"11":{"start":{"line":12,"column":0},"end":{"line":12,"column":74}},"12":{"start":{"line":13,"column":0},"end":{"line":13,"column":43}},"13":{"start":{"line":14,"column":0},"end":{"line":14,"column":32}},"14":{"start":{"line":15,"column":0},"end":{"line":15,"column":0}},"15":{"start":{"line":16,"column":0},"end":{"line":16,"column":20}},"16":{"start":{"line":17,"column":0},"end":{"line":17,"column":54}},"17":{"start":{"line":18,"column":0},"end":{"line":18,"column":18}},"18":{"start":{"line":19,"column":0},"end":{"line":19,"column":38}},"19":{"start":{"line":20,"column":0},"end":{"line":20,"column":20}},"20":{"start":{"line":21,"column":0},"end":{"line":21,"column":69}},"21":{"start":{"line":22,"column":0},"end":{"line":22,"column":55}},"22":{"start":{"line":23,"column":0},"end":{"line":23,"column":20}},"23":{"start":{"line":24,"column":0},"end":{"line":24,"column":60}},"24":{"start":{"line":25,"column":0},"end":{"line":25,"column":64}},"25":{"start":{"line":26,"column":0},"end":{"line":26,"column":66}},"26":{"start":{"line":27,"column":0},"end":{"line":27,"column":7}},"27":{"start":{"line":28,"column":0},"end":{"line":28,"column":5}},"28":{"start":{"line":29,"column":0},"end":{"line":29,"column":3}},"29":{"start":{"line":30,"column":0},"end":{"line":30,"column":1}}},"s":{"0":1,"1":1,"2":1,"3":1,"4":1,"5":1,"6":10,"7":10,"8":10,"9":10,"10":10,"11":10,"12":10,"13":10,"14":10,"15":10,"16":10,"17":5,"18":5,"19":5,"20":5,"21":5,"22":5,"23":4,"24":4,"25":4,"26":4,"27":5,"28":5,"29":10},"branchMap":{"0":{"type":"branch","line":6,"loc":{"start":{"line":6,"column":7},"end":{"line":30,"column":1}},"locations":[{"start":{"line":6,"column":7},"end":{"line":30,"column":1}}]},"1":{"type":"branch","line":9,"loc":{"start":{"line":9,"column":25},"end":{"line":9,"column":70}},"locations":[{"start":{"line":9,"column":25},"end":{"line":9,"column":70}}]},"2":{"type":"branch","line":10,"loc":{"start":{"line":10,"column":25},"end":{"line":10,"column":68}},"locations":[{"start":{"line":10,"column":25},"end":{"line":10,"column":68}}]},"3":{"type":"branch","line":11,"loc":{"start":{"line":11,"column":25},"end":{"line":11,"column":68}},"locations":[{"start":{"line":11,"column":25},"end":{"line":11,"column":68}}]},"4":{"type":"branch","line":12,"loc":{"start":{"line":12,"column":26},"end":{"line":12,"column":74}},"locations":[{"start":{"line":12,"column":26},"end":{"line":12,"column":74}}]},"5":{"type":"branch","line":17,"loc":{"start":{"line":17,"column":22},"end":{"line":17,"column":51}},"locations":[{"start":{"line":17,"column":22},"end":{"line":17,"column":51}}]},"6":{"type":"branch","line":17,"loc":{"start":{"line":17,"column":53},"end":{"line":29,"column":3}},"locations":[{"start":{"line":17,"column":53},"end":{"line":29,"column":3}}]},"7":{"type":"branch","line":21,"loc":{"start":{"line":21,"column":31},"end":{"line":21,"column":46}},"locations":[{"start":{"line":21,"column":31},"end":{"line":21,"column":46}}]},"8":{"type":"branch","line":21,"loc":{"start":{"line":21,"column":47},"end":{"line":21,"column":68}},"locations":[{"start":{"line":21,"column":47},"end":{"line":21,"column":68}}]},"9":{"type":"branch","line":23,"loc":{"start":{"line":23,"column":19},"end":{"line":27,"column":7}},"locations":[{"start":{"line":23,"column":19},"end":{"line":27,"column":7}}]},"10":{"type":"branch","line":25,"loc":{"start":{"line":25,"column":39},"end":{"line":25,"column":64}},"locations":[{"start":{"line":25,"column":39},"end":{"line":25,"column":64}}]},"11":{"type":"branch","line":26,"loc":{"start":{"line":26,"column":45},"end":{"line":26,"column":66}},"locations":[{"start":{"line":26,"column":45},"end":{"line":26,"column":66}}]}},"b":{"0":[10],"1":[7],"2":[5],"3":[2],"4":[1],"5":[9],"6":[5],"7":[4],"8":[1],"9":[4],"10":[16],"11":[1]},"fnMap":{"0":{"name":"formatTestResults","decl":{"start":{"line":6,"column":7},"end":{"line":30,"column":1}},"loc":{"start":{"line":6,"column":7},"end":{"line":30,"column":1}},"line":6}},"f":{"0":10}}
}
